[+] Containers:
 |- [+] Container: /Game/Labs/Lab2/Lab02
 |   |- [+] ActorDescs:
 |   |   |- Guid:0BD0201547510B68B8C1FFBE8797C1E3 BaseClass: NativeClass:/Script/Engine.StaticMeshActor Name:StaticMeshActor_49 Label:SM_Cube11 SpatiallyLoaded:1 Bounds:IsValid=true, Min=(X=400.000 Y=2600.000 Z=0.000), Max=(X=700.000 Y=2900.000 Z=200.000) RuntimeGrid:None EditorOnly:0 RuntimeOnly:0 HLODRelevant:1 FolderPath:Block03 FolderGuid:8CD3949449A9ED1D3F209CA69A64B60F
 |   |   |- Guid:13E6E4D74E48B426869EA6954A0AD84E BaseClass: NativeClass:/Script/Engine.StaticMeshActor Name:StaticMeshActor_56 Label:SM_Cube13 SpatiallyLoaded:1 Bounds:IsValid=true, Min=(X=300.000 Y=2700.000 Z=0.000), Max=(X=400.000 Y=2800.000 Z=200.000) RuntimeGrid:None EditorOnly:0 RuntimeOnly:0 HLODRelevant:1 FolderPath:Block03 FolderGuid:8CD3949449A9ED1D3F209CA69A64B60F
 |   |   |- Guid:1C1916F346C7FC2F555C91A2A67508F1 BaseClass: NativeClass:/Script/Engine.StaticMeshActor Name:StaticMeshActor_57 Label:SM_QuarterCylinder6 SpatiallyLoaded:1 Bounds:IsValid=true, Min=(X=1200.000 Y=2200.000 Z=0.000), Max=(X=1300.000 Y=2300.000 Z=200.000) RuntimeGrid:None EditorOnly:0 RuntimeOnly:0 HLODRelevant:1 FolderPath:Block01 FolderGuid:98087B8444A89373CC4763B3845E270A
 |   |   |- Guid:1D8FD89D4D71B45D056C3297D64F43B5 BaseClass: NativeClass:/Script/Engine.StaticMeshActor Name:StaticMeshActor_41 Label:SM_ChamferCube3 SpatiallyLoaded:1 Bounds:IsValid=true, Min=(X=481.699 Y=2271.699 Z=0.013), Max=(X=618.301 Y=2408.301 Z=100.013) RuntimeGrid:None EditorOnly:0 RuntimeOnly:0 HLODRelevant:0
 |   |   |- Guid:2D9FD7AC43022CC9E9522DA5069CB8E5 BaseClass: NativeClass:/Script/GameProg2.Lab02Actor Name:Lab02Actor_UAID_F44637819C055C7401_1189585847 Label:Lab02Actor SpatiallyLoaded:1 Bounds:IsValid=true, Min=(X=0.000 Y=0.000 Z=0.000), Max=(X=0.000 Y=0.000 Z=0.000) RuntimeGrid:None EditorOnly:0 RuntimeOnly:0 HLODRelevant:0
 |   |   |- Guid:34312DC145143ED57507F6A5FB96B93A BaseClass: NativeClass:/Script/Engine.StaticMeshActor Name:StaticMeshActor_59 Label:SM_QuarterCylinder12 SpatiallyLoaded:1 Bounds:IsValid=true, Min=(X=2000.000 Y=700.000 Z=0.000), Max=(X=2200.000 Y=900.000 Z=100.000) RuntimeGrid:None EditorOnly:0 RuntimeOnly:0 HLODRelevant:1 FolderPath:Cylinder FolderGuid:ECA4956E419DA4E5BAB7F389537BCB14
 |   |   |- Guid:3727355A413FC1337585F2BD0ED7065F BaseClass: NativeClass:/Script/Engine.StaticMeshActor Name:StaticMeshActor_39 Label:SM_Ramp2 SpatiallyLoaded:1 Bounds:IsValid=true, Min=(X=1400.000 Y=1500.000 Z=0.000), Max=(X=1800.000 Y=1700.000 Z=100.000) RuntimeGrid:None EditorOnly:0 RuntimeOnly:0 HLODRelevant:1 FolderPath:Block01 FolderGuid:98087B8444A89373CC4763B3845E270A
 |   |   |- Guid:40B00F13495D501981091990BF61066E BaseClass: NativeClass:/Script/Engine.StaticMeshActor Name:StaticMeshActor_61 Label:SM_QuarterCylinder14 SpatiallyLoaded:1 Bounds:IsValid=true, Min=(X=2200.000 Y=500.000 Z=0.000), Max=(X=2400.000 Y=700.000 Z=100.000) RuntimeGrid:None EditorOnly:0 RuntimeOnly:0 HLODRelevant:1 FolderPath:Cylinder FolderGuid:ECA4956E419DA4E5BAB7F389537BCB14
 |   |   |- Guid:412ACF534E88563FC5D2CE8688547522 BaseClass: NativeClass:/Script/Engine.TextRenderActor Name:TextRenderActor_1 Label:TextRenderActor SpatiallyLoaded:1 Bounds:IsValid=true, Min=(X=-0.100 Y=1100.000 Z=65.013), Max=(X=-0.100 Y=2392.308 Z=215.013) RuntimeGrid:None EditorOnly:0 RuntimeOnly:0 HLODRelevant:0
 |   |   |- Guid:4821095F447ABDB80AFAA59C9BCF1772 BaseClass: NativeClass:/Script/Engine.SkyAtmosphere Name:SkyAtmosphere_1 Label:SkyAtmosphere SpatiallyLoaded:0 Bounds:IsValid=true, Min=(X=0.000 Y=0.000 Z=1020.000), Max=(X=0.000 Y=0.000 Z=1020.000) RuntimeGrid:None EditorOnly:0 RuntimeOnly:0 HLODRelevant:0 FolderPath:Lighting FolderGuid:08A10B054C95868C663DE39EE4343813
 |   |   |- Guid:572C62FF4508F5D7BF762EBCBAD2FDDC BaseClass: NativeClass:/Script/Engine.PlayerStart Name:PlayerStart_0 Label:PlayerStart SpatiallyLoaded:0 Bounds:IsValid=true, Min=(X=860.000 Y=1070.000 Z=0.013), Max=(X=940.000 Y=1150.000 Z=184.013) RuntimeGrid:None EditorOnly:0 RuntimeOnly:0 HLODRelevant:0
 |   |   |- Guid:5908C4614ADD1BD6856E1D9CB8222BE4 BaseClass: NativeClass:/Script/Engine.StaticMeshActor Name:StaticMeshActor_48 Label:SM_Cube10 SpatiallyLoaded:1 Bounds:IsValid=true, Min=(X=1800.000 Y=2100.000 Z=100.000), Max=(X=2000.000 Y=2200.000 Z=200.000) RuntimeGrid:None EditorOnly:0 RuntimeOnly:0 HLODRelevant:1 FolderPath:Block01 FolderGuid:98087B8444A89373CC4763B3845E270A
 |   |   |- Guid:5C410A4D4180E3315F06318E6E9B157A BaseClass: NativeClass:/Script/Engine.StaticMeshActor Name:StaticMeshActor_52 Label:SM_Cube12 SpatiallyLoaded:1 Bounds:IsValid=true, Min=(X=2500.000 Y=2700.000 Z=0.000), Max=(X=2600.000 Y=2800.000 Z=200.000) RuntimeGrid:None EditorOnly:0 RuntimeOnly:0 HLODRelevant:1 FolderPath:Block02 FolderGuid:5DDF0B274F9C8B2C5DABA1999B167516
 |   |   |- Guid:6083379E4B6BB3EAD69F2D9B51287863 BaseClass: NativeClass:/Script/Engine.StaticMeshActor Name:StaticMeshActor_UAID_F44637819C05EE7501_1887653601 Label:Lab2Cone SpatiallyLoaded:1 Bounds:IsValid=true, Min=(X=840.000 Y=1380.000 Z=330.000), Max=(X=940.000 Y=1480.000 Z=430.000) RuntimeGrid:None EditorOnly:0 RuntimeOnly:0 HLODRelevant:0
 |   |   |- Guid:661AAFB949CFFC5E43899F9F62D6E975 BaseClass: NativeClass:/Script/Engine.ExponentialHeightFog Name:ExponentialHeightFog_1 Label:ExponentialHeightFog SpatiallyLoaded:0 Bounds:IsValid=true, Min=(X=-5600.000 Y=-50.000 Z=-6850.000), Max=(X=-5600.000 Y=-50.000 Z=-6850.000) RuntimeGrid:None EditorOnly:0 RuntimeOnly:0 HLODRelevant:0 FolderPath:Lighting FolderGuid:08A10B054C95868C663DE39EE4343813
 |   |   |- Guid:662001C44ABD31AD4F4035A6F724235A BaseClass: NativeClass:/Script/Engine.StaticMeshActor Name:StaticMeshActor_34 Label:SM_ChamferCube SpatiallyLoaded:1 Bounds:IsValid=true, Min=(X=1100.000 Y=2000.000 Z=0.013), Max=(X=1200.000 Y=2100.000 Z=100.013) RuntimeGrid:None EditorOnly:0 RuntimeOnly:0 HLODRelevant:0
 |   |   |- Guid:6B88B57C4FF5897C4DA74A8647A2F60B BaseClass: NativeClass:/Script/Engine.StaticMeshActor Name:StaticMeshActor_UAID_A4AE111137DC5EFB00_1594956423 Label:SM_SkySphere SpatiallyLoaded:0 Bounds:IsValid=true, Min=(X=-1638400.000 Y=-1638400.000 Z=-1638400.000), Max=(X=1638400.000 Y=1638400.000 Z=1638400.000) RuntimeGrid:None EditorOnly:0 RuntimeOnly:0 HLODRelevant:1 FolderPath:Lighting FolderGuid:08A10B054C95868C663DE39EE4343813
 |   |   |- Guid:6DBE1815401D93373AE7AD9897E491B7 BaseClass: NativeClass:/Script/Engine.StaticMeshActor Name:StaticMeshActor_38 Label:SM_Cube4 SpatiallyLoaded:1 Bounds:IsValid=true, Min=(X=1200.000 Y=1700.000 Z=0.000), Max=(X=1800.000 Y=2200.000 Z=200.000) RuntimeGrid:None EditorOnly:0 RuntimeOnly:0 HLODRelevant:1 FolderPath:Block01 FolderGuid:98087B8444A89373CC4763B3845E270A
 |   |   |- Guid:7C57B6A8437F1463990AEDB0FF02C268 BaseClass: NativeClass:/Script/Engine.StaticMeshActor Name:StaticMeshActor_51 Label:SM_QuarterCylinder2 SpatiallyLoaded:1 Bounds:IsValid=true, Min=(X=2500.000 Y=2600.000 Z=0.000), Max=(X=2600.000 Y=2700.000 Z=200.000) RuntimeGrid:None EditorOnly:0 RuntimeOnly:0 HLODRelevant:1 FolderPath:Block02 FolderGuid:5DDF0B274F9C8B2C5DABA1999B167516
 |   |   |- Guid:7EE5E9A34CB782A7E0B941A9EAB11BFA BaseClass: NativeClass:/Script/Engine.SkyLight Name:SkyLight_0 Label:SkyLight SpatiallyLoaded:0 Bounds:IsValid=true, Min=(X=0.000 Y=0.000 Z=690.000), Max=(X=0.000 Y=0.000 Z=690.000) RuntimeGrid:None EditorOnly:0 RuntimeOnly:0 HLODRelevant:0 FolderPath:Lighting FolderGuid:08A10B054C95868C663DE39EE4343813
 |   |   |- Guid:90DA07C64C7C47E80BE6FE838D70564C BaseClass: NativeClass:/Script/Engine.WorldDataLayers Name:WorldDataLayers Label:WorldDataLayers-1 SpatiallyLoaded:0 Bounds:IsValid=true, Min=(X=0.000 Y=0.000 Z=0.000), Max=(X=0.000 Y=0.000 Z=0.000) RuntimeGrid:None EditorOnly:0 RuntimeOnly:0 HLODRelevant:0
 |   |   |- Guid:932D12724ABC852AEDBDE482571FD105 BaseClass: NativeClass:/Script/Engine.StaticMeshActor Name:StaticMeshActor_53 Label:SM_QuarterCylinder3 SpatiallyLoaded:1 Bounds:IsValid=true, Min=(X=1500.000 Y=2200.000 Z=0.000), Max=(X=1600.000 Y=2300.000 Z=200.000) RuntimeGrid:None EditorOnly:0 RuntimeOnly:0 HLODRelevant:1 FolderPath:Block01 FolderGuid:98087B8444A89373CC4763B3845E270A
 |   |   |- Guid:9C67609D48DDA670B5AC258A0A3B017E BaseClass: NativeClass:/Script/Engine.StaticMeshActor Name:StaticMeshActor_35 Label:SM_Ramp SpatiallyLoaded:1 Bounds:IsValid=true, Min=(X=1300.000 Y=600.000 Z=0.000), Max=(X=1700.000 Y=800.000 Z=30.000) RuntimeGrid:None EditorOnly:0 RuntimeOnly:0 HLODRelevant:1
 |   |   |- Guid:A0556D08423F893FF29C4C9CAA2F94F0 BaseClass: NativeClass:/Script/Engine.StaticMeshActor Name:StaticMeshActor_UAID_00051B6D292FF57501_1591919831 Label:Sphere SpatiallyLoaded:1 Bounds:IsValid=true, Min=(X=656.316 Y=1810.082 Z=4.024), Max=(X=756.316 Y=1910.082 Z=104.024) RuntimeGrid:None EditorOnly:0 RuntimeOnly:0 HLODRelevant:0
 |   |   |- Guid:A455B9884FA2CC7657429F9150A414E5 BaseClass: NativeClass:/Script/Engine.StaticMeshActor Name:StaticMeshActor_58 Label:SM_QuarterCylinder11 SpatiallyLoaded:1 Bounds:IsValid=true, Min=(X=2200.000 Y=700.000 Z=0.000), Max=(X=2400.000 Y=900.000 Z=100.000) RuntimeGrid:None EditorOnly:0 RuntimeOnly:0 HLODRelevant:1 FolderPath:Cylinder FolderGuid:ECA4956E419DA4E5BAB7F389537BCB14
 |   |   |- Guid:A5095032440CAA41851ECCAD0DBBDB75 BaseClass: NativeClass:/Script/Engine.StaticMeshActor Name:StaticMeshActor_45 Label:SM_Cube8 SpatiallyLoaded:1 Bounds:IsValid=true, Min=(X=1300.000 Y=2600.000 Z=0.000), Max=(X=2500.000 Y=2900.000 Z=200.000) RuntimeGrid:None EditorOnly:0 RuntimeOnly:0 HLODRelevant:1 FolderPath:Block02 FolderGuid:5DDF0B274F9C8B2C5DABA1999B167516
 |   |   |- Guid:A8416A5F4410B64A0E7AE3930D8BB6D9 BaseClass: NativeClass:/Script/Engine.PostProcessVolume Name:PostProcessVolume_0 Label:PostProcessVolume SpatiallyLoaded:0 Bounds:IsValid=true, Min=(X=0.000 Y=0.000 Z=400.000), Max=(X=200.000 Y=200.000 Z=600.000) RuntimeGrid:None EditorOnly:0 RuntimeOnly:0 HLODRelevant:0 FolderPath:Lighting FolderGuid:08A10B054C95868C663DE39EE4343813
 |   |   |- Guid:ABCC06B74DA8D80037582AB2D8DA5F37 BaseClass: NativeClass:/Script/Engine.StaticMeshActor Name:StaticMeshActor_43 Label:SM_Cube6 SpatiallyLoaded:1 Bounds:IsValid=true, Min=(X=2900.000 Y=100.000 Z=0.000), Max=(X=3000.000 Y=3400.000 Z=400.000) RuntimeGrid:None EditorOnly:0 RuntimeOnly:0 HLODRelevant:1 FolderPath:Playground FolderGuid:8CD33C9A4E75AD59B95486AC740693D6
 |   |   |- Guid:B44AE4FB49EDE8518A43F99F089FDB6D BaseClass: NativeClass:/Script/Engine.StaticMeshActor Name:StaticMeshActor_44 Label:SM_Cube7 SpatiallyLoaded:1 Bounds:IsValid=true, Min=(X=1300.000 Y=2200.000 Z=0.000), Max=(X=1500.000 Y=2300.000 Z=200.000) RuntimeGrid:None EditorOnly:0 RuntimeOnly:0 HLODRelevant:1 FolderPath:Block01 FolderGuid:98087B8444A89373CC4763B3845E270A
 |   |   |- Guid:B55BB6634D24C5C3B3A6F8ADAA1D7A5A BaseClass: NativeClass:/Script/Engine.StaticMeshActor Name:StaticMeshActor_40 Label:SM_ChamferCube2 SpatiallyLoaded:1 Bounds:IsValid=true, Min=(X=992.077 Y=2692.077 Z=0.013), Max=(X=1107.923 Y=2807.923 Z=100.013) RuntimeGrid:None EditorOnly:0 RuntimeOnly:0 HLODRelevant:0
 |   |   |- Guid:BB56C0F44D4CDAC7DB5176BF455F0549 BaseClass: NativeClass:/Script/Engine.StaticMeshActor Name:StaticMeshActor_47 Label:SM_Ramp3 SpatiallyLoaded:1 Bounds:IsValid=true, Min=(X=1800.000 Y=1700.000 Z=100.000), Max=(X=2000.000 Y=2100.000 Z=200.000) RuntimeGrid:None EditorOnly:0 RuntimeOnly:0 HLODRelevant:1 FolderPath:Block01 FolderGuid:98087B8444A89373CC4763B3845E270A
 |   |   |- Guid:C5DB36774BAC0E8090CB79B5DA8F1BC1 BaseClass: NativeClass:/Script/Engine.DirectionalLight Name:DirectionalLight_1 Label:DirectionalLight SpatiallyLoaded:0 Bounds:IsValid=true, Min=(X=-4398046511104.000 Y=-4398046511104.000 Z=-4398046511104.000), Max=(X=4398046511104.000 Y=4398046511104.000 Z=4398046511104.000) RuntimeGrid:None EditorOnly:0 RuntimeOnly:0 HLODRelevant:0 FolderPath:Lighting FolderGuid:08A10B054C95868C663DE39EE4343813
 |   |   |- Guid:C681C8DD4BDA8E0334F340A0E385B38C BaseClass: NativeClass:/Script/Engine.StaticMeshActor Name:StaticMeshActor_55 Label:SM_QuarterCylinder5 SpatiallyLoaded:1 Bounds:IsValid=true, Min=(X=300.000 Y=2800.000 Z=0.000), Max=(X=400.000 Y=2900.000 Z=200.000) RuntimeGrid:None EditorOnly:0 RuntimeOnly:0 HLODRelevant:1 FolderPath:Block03 FolderGuid:8CD3949449A9ED1D3F209CA69A64B60F
 |   |   |- Guid:C951D5D64DEBCAE49E608F89CFC40893 BaseClass: NativeClass:/Script/Engine.StaticMeshActor Name:StaticMeshActor_42 Label:SM_Cube5 SpatiallyLoaded:1 Bounds:IsValid=true, Min=(X=-0.000 Y=100.000 Z=0.000), Max=(X=100.000 Y=3400.000 Z=400.000) RuntimeGrid:None EditorOnly:0 RuntimeOnly:0 HLODRelevant:1 FolderPath:Playground FolderGuid:8CD33C9A4E75AD59B95486AC740693D6
 |   |   |- Guid:CF7558D54543CD3063B570A7877DA99B BaseClass: NativeClass:/Script/Engine.StaticMeshActor Name:StaticMeshActor_60 Label:SM_QuarterCylinder13 SpatiallyLoaded:1 Bounds:IsValid=true, Min=(X=2000.000 Y=500.000 Z=0.000), Max=(X=2200.000 Y=700.000 Z=100.000) RuntimeGrid:None EditorOnly:0 RuntimeOnly:0 HLODRelevant:1 FolderPath:Cylinder FolderGuid:ECA4956E419DA4E5BAB7F389537BCB14
 |   |   |- Guid:D4081D28494B2DE41F1E70BED11547DB BaseClass: NativeClass:/Script/Engine.StaticMeshActor Name:StaticMeshActor_46 Label:SM_Cube9 SpatiallyLoaded:1 Bounds:IsValid=true, Min=(X=1800.000 Y=1500.000 Z=0.000), Max=(X=2000.000 Y=2200.000 Z=100.000) RuntimeGrid:None EditorOnly:0 RuntimeOnly:0 HLODRelevant:1 FolderPath:Block01 FolderGuid:98087B8444A89373CC4763B3845E270A
 |   |   |- Guid:DA5E25A941F813A542FB8FBFA535C718 BaseClass: NativeClass:/Script/Engine.StaticMeshActor Name:StaticMeshActor_33 Label:SM_Cube SpatiallyLoaded:1 Bounds:IsValid=true, Min=(X=0.000 Y=0.000 Z=-50.000), Max=(X=3000.000 Y=3500.000 Z=0.000) RuntimeGrid:None EditorOnly:0 RuntimeOnly:0 HLODRelevant:1 FolderPath:Playground FolderGuid:8CD33C9A4E75AD59B95486AC740693D6
 |   |   |- Guid:EA08AB2A4B23F6A33FB532A992DEA24A BaseClass: NativeClass:/Script/Engine.VolumetricCloud Name:VolumetricCloud_1 Label:VolumetricCloud SpatiallyLoaded:0 Bounds:IsValid=true, Min=(X=0.000 Y=0.000 Z=820.000), Max=(X=0.000 Y=0.000 Z=820.000) RuntimeGrid:None EditorOnly:0 RuntimeOnly:0 HLODRelevant:0 FolderPath:Lighting FolderGuid:08A10B054C95868C663DE39EE4343813
 |   |   |- Guid:F1B09DAF48AA646ADA33C3BF2A8EBD72 BaseClass: NativeClass:/Script/Engine.StaticMeshActor Name:StaticMeshActor_37 Label:SM_Cube3 SpatiallyLoaded:1 Bounds:IsValid=true, Min=(X=0.000 Y=3400.000 Z=0.000), Max=(X=3000.000 Y=3500.000 Z=400.000) RuntimeGrid:None EditorOnly:0 RuntimeOnly:0 HLODRelevant:1 FolderPath:Playground FolderGuid:8CD33C9A4E75AD59B95486AC740693D6
 |   |   |- Guid:F22035FF44E18B0FAC8B37BC4EA519F6 BaseClass: NativeClass:/Script/Engine.StaticMeshActor Name:StaticMeshActor_54 Label:SM_QuarterCylinder4 SpatiallyLoaded:1 Bounds:IsValid=true, Min=(X=300.000 Y=2600.000 Z=0.000), Max=(X=400.000 Y=2700.000 Z=200.000) RuntimeGrid:None EditorOnly:0 RuntimeOnly:0 HLODRelevant:1 FolderPath:Block03 FolderGuid:8CD3949449A9ED1D3F209CA69A64B60F
 |   |   |- Guid:F6FDDE754686EEE7BEE8929BA8238549 BaseClass: NativeClass:/Script/Engine.StaticMeshActor Name:StaticMeshActor_36 Label:SM_Cube2 SpatiallyLoaded:1 Bounds:IsValid=true, Min=(X=0.000 Y=0.000 Z=0.000), Max=(X=3000.000 Y=100.000 Z=400.000) RuntimeGrid:None EditorOnly:0 RuntimeOnly:0 HLODRelevant:1 FolderPath:Playground FolderGuid:8CD33C9A4E75AD59B95486AC740693D6
 |   |   |- Guid:FD3F4B0643D86EF8C7AC39AFC63DDB95 BaseClass: NativeClass:/Script/Engine.StaticMeshActor Name:StaticMeshActor_50 Label:SM_QuarterCylinder SpatiallyLoaded:1 Bounds:IsValid=true, Min=(X=2500.000 Y=2800.000 Z=0.000), Max=(X=2600.000 Y=2900.000 Z=200.000) RuntimeGrid:None EditorOnly:0 RuntimeOnly:0 HLODRelevant:1 FolderPath:Block02 FolderGuid:5DDF0B274F9C8B2C5DABA1999B167516
 |   |- [+] Clusters:
 |   |   |- [+] [  0]
 |   |   |   |- Guid:C681C8DD4BDA8E0334F340A0E385B38C BaseClass: NativeClass:/Script/Engine.StaticMeshActor Name:StaticMeshActor_55 Label:SM_QuarterCylinder5 SpatiallyLoaded:1 Bounds:IsValid=true, Min=(X=300.000 Y=2800.000 Z=0.000), Max=(X=400.000 Y=2900.000 Z=200.000) RuntimeGrid:None EditorOnly:0 RuntimeOnly:0 HLODRelevant:1 FolderPath:Block03 FolderGuid:8CD3949449A9ED1D3F209CA69A64B60F
 |   |   |- [+] [  1]
 |   |   |   |- Guid:5908C4614ADD1BD6856E1D9CB8222BE4 BaseClass: NativeClass:/Script/Engine.StaticMeshActor Name:StaticMeshActor_48 Label:SM_Cube10 SpatiallyLoaded:1 Bounds:IsValid=true, Min=(X=1800.000 Y=2100.000 Z=100.000), Max=(X=2000.000 Y=2200.000 Z=200.000) RuntimeGrid:None EditorOnly:0 RuntimeOnly:0 HLODRelevant:1 FolderPath:Block01 FolderGuid:98087B8444A89373CC4763B3845E270A
 |   |   |- [+] [  2]
 |   |   |   |- Guid:6083379E4B6BB3EAD69F2D9B51287863 BaseClass: NativeClass:/Script/Engine.StaticMeshActor Name:StaticMeshActor_UAID_F44637819C05EE7501_1887653601 Label:Lab2Cone SpatiallyLoaded:1 Bounds:IsValid=true, Min=(X=840.000 Y=1380.000 Z=330.000), Max=(X=940.000 Y=1480.000 Z=430.000) RuntimeGrid:None EditorOnly:0 RuntimeOnly:0 HLODRelevant:0
 |   |   |- [+] [  3]
 |   |   |   |- Guid:C951D5D64DEBCAE49E608F89CFC40893 BaseClass: NativeClass:/Script/Engine.StaticMeshActor Name:StaticMeshActor_42 Label:SM_Cube5 SpatiallyLoaded:1 Bounds:IsValid=true, Min=(X=-0.000 Y=100.000 Z=0.000), Max=(X=100.000 Y=3400.000 Z=400.000) RuntimeGrid:None EditorOnly:0 RuntimeOnly:0 HLODRelevant:1 FolderPath:Playground FolderGuid:8CD33C9A4E75AD59B95486AC740693D6
 |   |   |- [+] [  4]
 |   |   |   |- Guid:9C67609D48DDA670B5AC258A0A3B017E BaseClass: NativeClass:/Script/Engine.StaticMeshActor Name:StaticMeshActor_35 Label:SM_Ramp SpatiallyLoaded:1 Bounds:IsValid=true, Min=(X=1300.000 Y=600.000 Z=0.000), Max=(X=1700.000 Y=800.000 Z=30.000) RuntimeGrid:None EditorOnly:0 RuntimeOnly:0 HLODRelevant:1
 |   |   |- [+] [  5]
 |   |   |   |- Guid:932D12724ABC852AEDBDE482571FD105 BaseClass: NativeClass:/Script/Engine.StaticMeshActor Name:StaticMeshActor_53 Label:SM_QuarterCylinder3 SpatiallyLoaded:1 Bounds:IsValid=true, Min=(X=1500.000 Y=2200.000 Z=0.000), Max=(X=1600.000 Y=2300.000 Z=200.000) RuntimeGrid:None EditorOnly:0 RuntimeOnly:0 HLODRelevant:1 FolderPath:Block01 FolderGuid:98087B8444A89373CC4763B3845E270A
 |   |   |- [+] [  6]
 |   |   |   |- Guid:6DBE1815401D93373AE7AD9897E491B7 BaseClass: NativeClass:/Script/Engine.StaticMeshActor Name:StaticMeshActor_38 Label:SM_Cube4 SpatiallyLoaded:1 Bounds:IsValid=true, Min=(X=1200.000 Y=1700.000 Z=0.000), Max=(X=1800.000 Y=2200.000 Z=200.000) RuntimeGrid:None EditorOnly:0 RuntimeOnly:0 HLODRelevant:1 FolderPath:Block01 FolderGuid:98087B8444A89373CC4763B3845E270A
 |   |   |- [+] [  7]
 |   |   |   |- Guid:13E6E4D74E48B426869EA6954A0AD84E BaseClass: NativeClass:/Script/Engine.StaticMeshActor Name:StaticMeshActor_56 Label:SM_Cube13 SpatiallyLoaded:1 Bounds:IsValid=true, Min=(X=300.000 Y=2700.000 Z=0.000), Max=(X=400.000 Y=2800.000 Z=200.000) RuntimeGrid:None EditorOnly:0 RuntimeOnly:0 HLODRelevant:1 FolderPath:Block03 FolderGuid:8CD3949449A9ED1D3F209CA69A64B60F
 |   |   |- [+] [  8]
 |   |   |   |- Guid:1D8FD89D4D71B45D056C3297D64F43B5 BaseClass: NativeClass:/Script/Engine.StaticMeshActor Name:StaticMeshActor_41 Label:SM_ChamferCube3 SpatiallyLoaded:1 Bounds:IsValid=true, Min=(X=481.699 Y=2271.699 Z=0.013), Max=(X=618.301 Y=2408.301 Z=100.013) RuntimeGrid:None EditorOnly:0 RuntimeOnly:0 HLODRelevant:0
 |   |   |- [+] [  9]
 |   |   |   |- Guid:572C62FF4508F5D7BF762EBCBAD2FDDC BaseClass: NativeClass:/Script/Engine.PlayerStart Name:PlayerStart_0 Label:PlayerStart SpatiallyLoaded:0 Bounds:IsValid=true, Min=(X=860.000 Y=1070.000 Z=0.013), Max=(X=940.000 Y=1150.000 Z=184.013) RuntimeGrid:None EditorOnly:0 RuntimeOnly:0 HLODRelevant:0
 |   |   |- [+] [ 10]
 |   |   |   |- Guid:F1B09DAF48AA646ADA33C3BF2A8EBD72 BaseClass: NativeClass:/Script/Engine.StaticMeshActor Name:StaticMeshActor_37 Label:SM_Cube3 SpatiallyLoaded:1 Bounds:IsValid=true, Min=(X=0.000 Y=3400.000 Z=0.000), Max=(X=3000.000 Y=3500.000 Z=400.000) RuntimeGrid:None EditorOnly:0 RuntimeOnly:0 HLODRelevant:1 FolderPath:Playground FolderGuid:8CD33C9A4E75AD59B95486AC740693D6
 |   |   |- [+] [ 11]
 |   |   |   |- Guid:7C57B6A8437F1463990AEDB0FF02C268 BaseClass: NativeClass:/Script/Engine.StaticMeshActor Name:StaticMeshActor_51 Label:SM_QuarterCylinder2 SpatiallyLoaded:1 Bounds:IsValid=true, Min=(X=2500.000 Y=2600.000 Z=0.000), Max=(X=2600.000 Y=2700.000 Z=200.000) RuntimeGrid:None EditorOnly:0 RuntimeOnly:0 HLODRelevant:1 FolderPath:Block02 FolderGuid:5DDF0B274F9C8B2C5DABA1999B167516
 |   |   |- [+] [ 12]
 |   |   |   |- Guid:1C1916F346C7FC2F555C91A2A67508F1 BaseClass: NativeClass:/Script/Engine.StaticMeshActor Name:StaticMeshActor_57 Label:SM_QuarterCylinder6 SpatiallyLoaded:1 Bounds:IsValid=true, Min=(X=1200.000 Y=2200.000 Z=0.000), Max=(X=1300.000 Y=2300.000 Z=200.000) RuntimeGrid:None EditorOnly:0 RuntimeOnly:0 HLODRelevant:1 FolderPath:Block01 FolderGuid:98087B8444A89373CC4763B3845E270A
 |   |   |- [+] [ 13]
 |   |   |   |- Guid:A5095032440CAA41851ECCAD0DBBDB75 BaseClass: NativeClass:/Script/Engine.StaticMeshActor Name:StaticMeshActor_45 Label:SM_Cube8 SpatiallyLoaded:1 Bounds:IsValid=true, Min=(X=1300.000 Y=2600.000 Z=0.000), Max=(X=2500.000 Y=2900.000 Z=200.000) RuntimeGrid:None EditorOnly:0 RuntimeOnly:0 HLODRelevant:1 FolderPath:Block02 FolderGuid:5DDF0B274F9C8B2C5DABA1999B167516
 |   |   |- [+] [ 14]
 |   |   |   |- Guid:CF7558D54543CD3063B570A7877DA99B BaseClass: NativeClass:/Script/Engine.StaticMeshActor Name:StaticMeshActor_60 Label:SM_QuarterCylinder13 SpatiallyLoaded:1 Bounds:IsValid=true, Min=(X=2000.000 Y=500.000 Z=0.000), Max=(X=2200.000 Y=700.000 Z=100.000) RuntimeGrid:None EditorOnly:0 RuntimeOnly:0 HLODRelevant:1 FolderPath:Cylinder FolderGuid:ECA4956E419DA4E5BAB7F389537BCB14
 |   |   |- [+] [ 15]
 |   |   |   |- Guid:DA5E25A941F813A542FB8FBFA535C718 BaseClass: NativeClass:/Script/Engine.StaticMeshActor Name:StaticMeshActor_33 Label:SM_Cube SpatiallyLoaded:1 Bounds:IsValid=true, Min=(X=0.000 Y=0.000 Z=-50.000), Max=(X=3000.000 Y=3500.000 Z=0.000) RuntimeGrid:None EditorOnly:0 RuntimeOnly:0 HLODRelevant:1 FolderPath:Playground FolderGuid:8CD33C9A4E75AD59B95486AC740693D6
 |   |   |- [+] [ 16]
 |   |   |   |- Guid:90DA07C64C7C47E80BE6FE838D70564C BaseClass: NativeClass:/Script/Engine.WorldDataLayers Name:WorldDataLayers Label:WorldDataLayers-1 SpatiallyLoaded:0 Bounds:IsValid=true, Min=(X=0.000 Y=0.000 Z=0.000), Max=(X=0.000 Y=0.000 Z=0.000) RuntimeGrid:None EditorOnly:0 RuntimeOnly:0 HLODRelevant:0
 |   |   |- [+] [ 17]
 |   |   |   |- Guid:A455B9884FA2CC7657429F9150A414E5 BaseClass: NativeClass:/Script/Engine.StaticMeshActor Name:StaticMeshActor_58 Label:SM_QuarterCylinder11 SpatiallyLoaded:1 Bounds:IsValid=true, Min=(X=2200.000 Y=700.000 Z=0.000), Max=(X=2400.000 Y=900.000 Z=100.000) RuntimeGrid:None EditorOnly:0 RuntimeOnly:0 HLODRelevant:1 FolderPath:Cylinder FolderGuid:ECA4956E419DA4E5BAB7F389537BCB14
 |   |   |- [+] [ 18]
 |   |   |   |- Guid:662001C44ABD31AD4F4035A6F724235A BaseClass: NativeClass:/Script/Engine.StaticMeshActor Name:StaticMeshActor_34 Label:SM_ChamferCube SpatiallyLoaded:1 Bounds:IsValid=true, Min=(X=1100.000 Y=2000.000 Z=0.013), Max=(X=1200.000 Y=2100.000 Z=100.013) RuntimeGrid:None EditorOnly:0 RuntimeOnly:0 HLODRelevant:0
 |   |   |- [+] [ 19]
 |   |   |   |- Guid:A0556D08423F893FF29C4C9CAA2F94F0 BaseClass: NativeClass:/Script/Engine.StaticMeshActor Name:StaticMeshActor_UAID_00051B6D292FF57501_1591919831 Label:Sphere SpatiallyLoaded:1 Bounds:IsValid=true, Min=(X=656.316 Y=1810.082 Z=4.024), Max=(X=756.316 Y=1910.082 Z=104.024) RuntimeGrid:None EditorOnly:0 RuntimeOnly:0 HLODRelevant:0
 |   |   |- [+] [ 20]
 |   |   |   |- Guid:EA08AB2A4B23F6A33FB532A992DEA24A BaseClass: NativeClass:/Script/Engine.VolumetricCloud Name:VolumetricCloud_1 Label:VolumetricCloud SpatiallyLoaded:0 Bounds:IsValid=true, Min=(X=0.000 Y=0.000 Z=820.000), Max=(X=0.000 Y=0.000 Z=820.000) RuntimeGrid:None EditorOnly:0 RuntimeOnly:0 HLODRelevant:0 FolderPath:Lighting FolderGuid:08A10B054C95868C663DE39EE4343813
 |   |   |- [+] [ 21]
 |   |   |   |- Guid:4821095F447ABDB80AFAA59C9BCF1772 BaseClass: NativeClass:/Script/Engine.SkyAtmosphere Name:SkyAtmosphere_1 Label:SkyAtmosphere SpatiallyLoaded:0 Bounds:IsValid=true, Min=(X=0.000 Y=0.000 Z=1020.000), Max=(X=0.000 Y=0.000 Z=1020.000) RuntimeGrid:None EditorOnly:0 RuntimeOnly:0 HLODRelevant:0 FolderPath:Lighting FolderGuid:08A10B054C95868C663DE39EE4343813
 |   |   |- [+] [ 22]
 |   |   |   |- Guid:3727355A413FC1337585F2BD0ED7065F BaseClass: NativeClass:/Script/Engine.StaticMeshActor Name:StaticMeshActor_39 Label:SM_Ramp2 SpatiallyLoaded:1 Bounds:IsValid=true, Min=(X=1400.000 Y=1500.000 Z=0.000), Max=(X=1800.000 Y=1700.000 Z=100.000) RuntimeGrid:None EditorOnly:0 RuntimeOnly:0 HLODRelevant:1 FolderPath:Block01 FolderGuid:98087B8444A89373CC4763B3845E270A
 |   |   |- [+] [ 23]
 |   |   |   |- Guid:40B00F13495D501981091990BF61066E BaseClass: NativeClass:/Script/Engine.StaticMeshActor Name:StaticMeshActor_61 Label:SM_QuarterCylinder14 SpatiallyLoaded:1 Bounds:IsValid=true, Min=(X=2200.000 Y=500.000 Z=0.000), Max=(X=2400.000 Y=700.000 Z=100.000) RuntimeGrid:None EditorOnly:0 RuntimeOnly:0 HLODRelevant:1 FolderPath:Cylinder FolderGuid:ECA4956E419DA4E5BAB7F389537BCB14
 |   |   |- [+] [ 24]
 |   |   |   |- Guid:6B88B57C4FF5897C4DA74A8647A2F60B BaseClass: NativeClass:/Script/Engine.StaticMeshActor Name:StaticMeshActor_UAID_A4AE111137DC5EFB00_1594956423 Label:SM_SkySphere SpatiallyLoaded:0 Bounds:IsValid=true, Min=(X=-1638400.000 Y=-1638400.000 Z=-1638400.000), Max=(X=1638400.000 Y=1638400.000 Z=1638400.000) RuntimeGrid:None EditorOnly:0 RuntimeOnly:0 HLODRelevant:1 FolderPath:Lighting FolderGuid:08A10B054C95868C663DE39EE4343813
 |   |   |- [+] [ 25]
 |   |   |   |- Guid:34312DC145143ED57507F6A5FB96B93A BaseClass: NativeClass:/Script/Engine.StaticMeshActor Name:StaticMeshActor_59 Label:SM_QuarterCylinder12 SpatiallyLoaded:1 Bounds:IsValid=true, Min=(X=2000.000 Y=700.000 Z=0.000), Max=(X=2200.000 Y=900.000 Z=100.000) RuntimeGrid:None EditorOnly:0 RuntimeOnly:0 HLODRelevant:1 FolderPath:Cylinder FolderGuid:ECA4956E419DA4E5BAB7F389537BCB14
 |   |   |- [+] [ 26]
 |   |   |   |- Guid:2D9FD7AC43022CC9E9522DA5069CB8E5 BaseClass: NativeClass:/Script/GameProg2.Lab02Actor Name:Lab02Actor_UAID_F44637819C055C7401_1189585847 Label:Lab02Actor SpatiallyLoaded:1 Bounds:IsValid=true, Min=(X=0.000 Y=0.000 Z=0.000), Max=(X=0.000 Y=0.000 Z=0.000) RuntimeGrid:None EditorOnly:0 RuntimeOnly:0 HLODRelevant:0
 |   |   |- [+] [ 27]
 |   |   |   |- Guid:BB56C0F44D4CDAC7DB5176BF455F0549 BaseClass: NativeClass:/Script/Engine.StaticMeshActor Name:StaticMeshActor_47 Label:SM_Ramp3 SpatiallyLoaded:1 Bounds:IsValid=true, Min=(X=1800.000 Y=1700.000 Z=100.000), Max=(X=2000.000 Y=2100.000 Z=200.000) RuntimeGrid:None EditorOnly:0 RuntimeOnly:0 HLODRelevant:1 FolderPath:Block01 FolderGuid:98087B8444A89373CC4763B3845E270A
 |   |   |- [+] [ 28]
 |   |   |   |- Guid:7EE5E9A34CB782A7E0B941A9EAB11BFA BaseClass: NativeClass:/Script/Engine.SkyLight Name:SkyLight_0 Label:SkyLight SpatiallyLoaded:0 Bounds:IsValid=true, Min=(X=0.000 Y=0.000 Z=690.000), Max=(X=0.000 Y=0.000 Z=690.000) RuntimeGrid:None EditorOnly:0 RuntimeOnly:0 HLODRelevant:0 FolderPath:Lighting FolderGuid:08A10B054C95868C663DE39EE4343813
 |   |   |- [+] [ 29]
 |   |   |   |- Guid:F6FDDE754686EEE7BEE8929BA8238549 BaseClass: NativeClass:/Script/Engine.StaticMeshActor Name:StaticMeshActor_36 Label:SM_Cube2 SpatiallyLoaded:1 Bounds:IsValid=true, Min=(X=0.000 Y=0.000 Z=0.000), Max=(X=3000.000 Y=100.000 Z=400.000) RuntimeGrid:None EditorOnly:0 RuntimeOnly:0 HLODRelevant:1 FolderPath:Playground FolderGuid:8CD33C9A4E75AD59B95486AC740693D6
 |   |   |- [+] [ 30]
 |   |   |   |- Guid:F22035FF44E18B0FAC8B37BC4EA519F6 BaseClass: NativeClass:/Script/Engine.StaticMeshActor Name:StaticMeshActor_54 Label:SM_QuarterCylinder4 SpatiallyLoaded:1 Bounds:IsValid=true, Min=(X=300.000 Y=2600.000 Z=0.000), Max=(X=400.000 Y=2700.000 Z=200.000) RuntimeGrid:None EditorOnly:0 RuntimeOnly:0 HLODRelevant:1 FolderPath:Block03 FolderGuid:8CD3949449A9ED1D3F209CA69A64B60F
 |   |   |- [+] [ 31]
 |   |   |   |- Guid:D4081D28494B2DE41F1E70BED11547DB BaseClass: NativeClass:/Script/Engine.StaticMeshActor Name:StaticMeshActor_46 Label:SM_Cube9 SpatiallyLoaded:1 Bounds:IsValid=true, Min=(X=1800.000 Y=1500.000 Z=0.000), Max=(X=2000.000 Y=2200.000 Z=100.000) RuntimeGrid:None EditorOnly:0 RuntimeOnly:0 HLODRelevant:1 FolderPath:Block01 FolderGuid:98087B8444A89373CC4763B3845E270A
 |   |   |- [+] [ 32]
 |   |   |   |- Guid:661AAFB949CFFC5E43899F9F62D6E975 BaseClass: NativeClass:/Script/Engine.ExponentialHeightFog Name:ExponentialHeightFog_1 Label:ExponentialHeightFog SpatiallyLoaded:0 Bounds:IsValid=true, Min=(X=-5600.000 Y=-50.000 Z=-6850.000), Max=(X=-5600.000 Y=-50.000 Z=-6850.000) RuntimeGrid:None EditorOnly:0 RuntimeOnly:0 HLODRelevant:0 FolderPath:Lighting FolderGuid:08A10B054C95868C663DE39EE4343813
 |   |   |- [+] [ 33]
 |   |   |   |- Guid:B55BB6634D24C5C3B3A6F8ADAA1D7A5A BaseClass: NativeClass:/Script/Engine.StaticMeshActor Name:StaticMeshActor_40 Label:SM_ChamferCube2 SpatiallyLoaded:1 Bounds:IsValid=true, Min=(X=992.077 Y=2692.077 Z=0.013), Max=(X=1107.923 Y=2807.923 Z=100.013) RuntimeGrid:None EditorOnly:0 RuntimeOnly:0 HLODRelevant:0
 |   |   |- [+] [ 34]
 |   |   |   |- Guid:412ACF534E88563FC5D2CE8688547522 BaseClass: NativeClass:/Script/Engine.TextRenderActor Name:TextRenderActor_1 Label:TextRenderActor SpatiallyLoaded:1 Bounds:IsValid=true, Min=(X=-0.100 Y=1100.000 Z=65.013), Max=(X=-0.100 Y=2392.308 Z=215.013) RuntimeGrid:None EditorOnly:0 RuntimeOnly:0 HLODRelevant:0
 |   |   |- [+] [ 35]
 |   |   |   |- Guid:ABCC06B74DA8D80037582AB2D8DA5F37 BaseClass: NativeClass:/Script/Engine.StaticMeshActor Name:StaticMeshActor_43 Label:SM_Cube6 SpatiallyLoaded:1 Bounds:IsValid=true, Min=(X=2900.000 Y=100.000 Z=0.000), Max=(X=3000.000 Y=3400.000 Z=400.000) RuntimeGrid:None EditorOnly:0 RuntimeOnly:0 HLODRelevant:1 FolderPath:Playground FolderGuid:8CD33C9A4E75AD59B95486AC740693D6
 |   |   |- [+] [ 36]
 |   |   |   |- Guid:B44AE4FB49EDE8518A43F99F089FDB6D BaseClass: NativeClass:/Script/Engine.StaticMeshActor Name:StaticMeshActor_44 Label:SM_Cube7 SpatiallyLoaded:1 Bounds:IsValid=true, Min=(X=1300.000 Y=2200.000 Z=0.000), Max=(X=1500.000 Y=2300.000 Z=200.000) RuntimeGrid:None EditorOnly:0 RuntimeOnly:0 HLODRelevant:1 FolderPath:Block01 FolderGuid:98087B8444A89373CC4763B3845E270A
 |   |   |- [+] [ 37]
 |   |   |   |- Guid:5C410A4D4180E3315F06318E6E9B157A BaseClass: NativeClass:/Script/Engine.StaticMeshActor Name:StaticMeshActor_52 Label:SM_Cube12 SpatiallyLoaded:1 Bounds:IsValid=true, Min=(X=2500.000 Y=2700.000 Z=0.000), Max=(X=2600.000 Y=2800.000 Z=200.000) RuntimeGrid:None EditorOnly:0 RuntimeOnly:0 HLODRelevant:1 FolderPath:Block02 FolderGuid:5DDF0B274F9C8B2C5DABA1999B167516
 |   |   |- [+] [ 38]
 |   |   |   |- Guid:0BD0201547510B68B8C1FFBE8797C1E3 BaseClass: NativeClass:/Script/Engine.StaticMeshActor Name:StaticMeshActor_49 Label:SM_Cube11 SpatiallyLoaded:1 Bounds:IsValid=true, Min=(X=400.000 Y=2600.000 Z=0.000), Max=(X=700.000 Y=2900.000 Z=200.000) RuntimeGrid:None EditorOnly:0 RuntimeOnly:0 HLODRelevant:1 FolderPath:Block03 FolderGuid:8CD3949449A9ED1D3F209CA69A64B60F
 |   |   |- [+] [ 39]
 |   |   |   |- Guid:C5DB36774BAC0E8090CB79B5DA8F1BC1 BaseClass: NativeClass:/Script/Engine.DirectionalLight Name:DirectionalLight_1 Label:DirectionalLight SpatiallyLoaded:0 Bounds:IsValid=true, Min=(X=-4398046511104.000 Y=-4398046511104.000 Z=-4398046511104.000), Max=(X=4398046511104.000 Y=4398046511104.000 Z=4398046511104.000) RuntimeGrid:None EditorOnly:0 RuntimeOnly:0 HLODRelevant:0 FolderPath:Lighting FolderGuid:08A10B054C95868C663DE39EE4343813
 |   |   |- [+] [ 40]
 |   |   |   |- Guid:A8416A5F4410B64A0E7AE3930D8BB6D9 BaseClass: NativeClass:/Script/Engine.PostProcessVolume Name:PostProcessVolume_0 Label:PostProcessVolume SpatiallyLoaded:0 Bounds:IsValid=true, Min=(X=0.000 Y=0.000 Z=400.000), Max=(X=200.000 Y=200.000 Z=600.000) RuntimeGrid:None EditorOnly:0 RuntimeOnly:0 HLODRelevant:0 FolderPath:Lighting FolderGuid:08A10B054C95868C663DE39EE4343813
 |   |   |- [+] [ 41]
 |   |   |   |- Guid:FD3F4B0643D86EF8C7AC39AFC63DDB95 BaseClass: NativeClass:/Script/Engine.StaticMeshActor Name:StaticMeshActor_50 Label:SM_QuarterCylinder SpatiallyLoaded:1 Bounds:IsValid=true, Min=(X=2500.000 Y=2800.000 Z=0.000), Max=(X=2600.000 Y=2900.000 Z=200.000) RuntimeGrid:None EditorOnly:0 RuntimeOnly:0 HLODRelevant:1 FolderPath:Block02 FolderGuid:5DDF0B274F9C8B2C5DABA1999B167516
 |- ContainerInstances:
 |- [+] MainContainer:
 |   |-        ID: 0x0000000000000000
 |   |-    Bounds: IsValid=false, Min=(X=0.000 Y=0.000 Z=0.000), Max=(X=0.000 Y=0.000 Z=0.000)
 |   |- Transform: 0.000000,0.000000,0.000000|0.000000,0.000000,-0.000000|1.000000,1.000000,1.000000
 |   |- Container: /Game/Labs/Lab2/Lab02
----------------------------------------------------------------------------------------------------------------
Lab02 - Persistent Level
----------------------------------------------------------------------------------------------------------------
Always loaded Actor Count: 50 

----------------------------------------------------------------------------------------------------------------
Lab02 - Runtime Spatial Hash - Streaming Grid - MainGrid
----------------------------------------------------------------------------------------------------------------
            Origin: X=0.000 Y=0.000 Z=0.000
         Cell Size: 12800
      World Bounds: IsValid=false, Min=(X=0.000 Y=0.000 Z=0.000), Max=(X=0.000 Y=0.000 Z=0.000)
     Loading Range: 25600.00
Block Slow Loading: No
 ClientOnlyVisible: No

[+] Grid Levels: 1
 |- Level  0: Cell Count    0 | Cell Size   12800 | Actor Count    0 (0.0%)

[+] Content of Grid Level 0

