[+] Containers:
 |- [+] Container: /Game/Level/Milestone1
 |   |- [+] ActorDescs:
 |   |   |- Guid:0065FE9A48DB8F3947272DA8867034A6 BaseClass: NativeClass:/Script/Engine.StaticMeshActor Name:StaticMeshActor_UAID_00051B6D292F547B01_2117591851 Label:Platform7 SpatiallyLoaded:1 Bounds:IsValid=true, Min=(X=1530.000 Y=870.000 Z=780.000), Max=(X=2030.000 Y=1570.000 Z=855.000) RuntimeGrid:None EditorOnly:0 RuntimeOnly:0 HLODRelevant:1 FolderPath:Playground/Room1 FolderGuid:D06ACB124E994F58BA954B8FD2146A4D
 |   |   |- Guid:009045684B5D8A40F99F848B4C6E8237 BaseClass: NativeClass:/Script/Engine.StaticMeshActor Name:StaticMeshActor_53 Label:SM_QuarterCylinder3 SpatiallyLoaded:1 Bounds:IsValid=true, Min=(X=1500.000 Y=2200.000 Z=0.000), Max=(X=1600.000 Y=2300.000 Z=200.000) RuntimeGrid:None EditorOnly:0 RuntimeOnly:0 HLODRelevant:1 FolderPath:Block01 FolderGuid:98087B8444A89373CC4763B3845E270A
 |   |   |- Guid:03EA2F014E732A9C7D158CBC49F98FD0 BaseClass: NativeClass:/Script/Engine.SpotLight Name:SpotLight_UAID_00051B6D292F547B01_1541675837 Label:SpotLight SpatiallyLoaded:1 Bounds:IsValid=true, Min=(X=-1523.283 Y=-331.054 Z=-3757.123), Max=(X=3432.980 Y=4625.209 Z=1199.141) RuntimeGrid:None EditorOnly:0 RuntimeOnly:0 HLODRelevant:0
 |   |   |- Guid:06469EF64D3562338895BD81922219E7 BaseClass: NativeClass:/Script/Engine.StaticMeshActor Name:StaticMeshActor_61 Label:SM_QuarterCylinder14 SpatiallyLoaded:1 Bounds:IsValid=true, Min=(X=2200.000 Y=500.000 Z=0.000), Max=(X=2400.000 Y=700.000 Z=100.000) RuntimeGrid:None EditorOnly:0 RuntimeOnly:0 HLODRelevant:1 FolderPath:Cylinder FolderGuid:ECA4956E419DA4E5BAB7F389537BCB14
 |   |   |- Guid:0A18A69A45BA5095BF2CBDA8D78F0C5C BaseClass: NativeClass:/Script/Engine.TriggerSphere Name:TriggerSphere_UAID_00051B6D292F8F7B01_1358764215 Label:TriggerSphere SpatiallyLoaded:1 Bounds:IsValid=true, Min=(X=131.250 Y=101.250 Z=871.250), Max=(X=308.750 Y=278.750 Z=1048.750) RuntimeGrid:None EditorOnly:0 RuntimeOnly:0 HLODRelevant:0
 |   |   |- Guid:0CEF7D4E4D78993F1E0B8FBC701537B1 BaseClass: NativeClass:/Script/Engine.StaticMeshActor Name:StaticMeshActor_38 Label:SM_Cube4 SpatiallyLoaded:1 Bounds:IsValid=true, Min=(X=1200.000 Y=1700.000 Z=0.000), Max=(X=1800.000 Y=2200.000 Z=200.000) RuntimeGrid:None EditorOnly:0 RuntimeOnly:0 HLODRelevant:1 FolderPath:Block01 FolderGuid:98087B8444A89373CC4763B3845E270A
 |   |   |- Guid:15C81C6149158B8C9AD093A18BF4A634 BaseClass: NativeClass:/Script/Engine.StaticMeshActor Name:StaticMeshActor_UAID_00051B6D292F547B01_1251980836 Label:SM_Cube5 SpatiallyLoaded:1 Bounds:IsValid=true, Min=(X=80.000 Y=3020.000 Z=780.000), Max=(X=3005.000 Y=3520.000 Z=855.000) RuntimeGrid:None EditorOnly:0 RuntimeOnly:0 HLODRelevant:1 FolderPath:Playground/Room1 FolderGuid:D06ACB124E994F58BA954B8FD2146A4D
 |   |   |- Guid:197C6C4947CC74361334A6B3E02F0F5B BaseClass: NativeClass:/Script/Engine.StaticMeshActor Name:StaticMeshActor_UAID_00051B6D292F547B01_2106207849 Label:Platform5 SpatiallyLoaded:1 Bounds:IsValid=true, Min=(X=210.000 Y=880.000 Z=780.000), Max=(X=560.000 Y=1230.000 Z=855.000) RuntimeGrid:None EditorOnly:0 RuntimeOnly:0 HLODRelevant:1 FolderPath:Playground/Room1 FolderGuid:D06ACB124E994F58BA954B8FD2146A4D
 |   |   |- Guid:2E4EB9054EC0F09870646C881D552220 BaseClass: NativeClass:/Script/Engine.StaticMeshActor Name:StaticMeshActor_55 Label:SM_QuarterCylinder5 SpatiallyLoaded:1 Bounds:IsValid=true, Min=(X=300.000 Y=2800.000 Z=0.000), Max=(X=400.000 Y=2900.000 Z=200.000) RuntimeGrid:None EditorOnly:0 RuntimeOnly:0 HLODRelevant:1 FolderPath:Block03 FolderGuid:8CD3949449A9ED1D3F209CA69A64B60F
 |   |   |- Guid:3A5DFE47497640D3A31AB9AD0684FCFA BaseClass: NativeClass:/Script/Engine.StaticMeshActor Name:StaticMeshActor_35 Label:SM_Ramp SpatiallyLoaded:1 Bounds:IsValid=true, Min=(X=1300.000 Y=600.000 Z=0.000), Max=(X=1700.000 Y=800.000 Z=30.000) RuntimeGrid:None EditorOnly:0 RuntimeOnly:0 HLODRelevant:1
 |   |   |- Guid:3EA67F1D4FAEADD723C484B7C732A15D BaseClass: NativeClass:/Script/Engine.StaticMeshActor Name:StaticMeshActor_58 Label:SM_QuarterCylinder11 SpatiallyLoaded:1 Bounds:IsValid=true, Min=(X=2200.000 Y=700.000 Z=0.000), Max=(X=2400.000 Y=900.000 Z=100.000) RuntimeGrid:None EditorOnly:0 RuntimeOnly:0 HLODRelevant:1 FolderPath:Cylinder FolderGuid:ECA4956E419DA4E5BAB7F389537BCB14
 |   |   |- Guid:4161A9A44CC93371B7E337ACB9974354 BaseClass: NativeClass:/Script/Engine.DirectionalLight Name:DirectionalLight_1 Label:DirectionalLight SpatiallyLoaded:0 Bounds:IsValid=true, Min=(X=-4398046511104.000 Y=-4398046511104.000 Z=-4398046511104.000), Max=(X=4398046511104.000 Y=4398046511104.000 Z=4398046511104.000) RuntimeGrid:None EditorOnly:0 RuntimeOnly:0 HLODRelevant:0 FolderPath:Lighting FolderGuid:08A10B054C95868C663DE39EE4343813
 |   |   |- Guid:4360A41549157101BF6F62A865FB2781 BaseClass: NativeClass:/Script/Engine.StaticMeshActor Name:StaticMeshActor_54 Label:SM_QuarterCylinder4 SpatiallyLoaded:1 Bounds:IsValid=true, Min=(X=300.000 Y=2600.000 Z=0.000), Max=(X=400.000 Y=2700.000 Z=200.000) RuntimeGrid:None EditorOnly:0 RuntimeOnly:0 HLODRelevant:1 FolderPath:Block03 FolderGuid:8CD3949449A9ED1D3F209CA69A64B60F
 |   |   |- Guid:453C65D149B5646AA521CDAC0A4A14BB BaseClass: NativeClass:/Script/Engine.StaticMeshActor Name:StaticMeshActor_UAID_00051B6D292F537B01_1935260657 Label:Wall3 SpatiallyLoaded:1 Bounds:IsValid=true, Min=(X=-357.500 Y=3490.000 Z=-172.500), Max=(X=3517.500 Y=3590.000 Z=2952.500) RuntimeGrid:None EditorOnly:0 RuntimeOnly:0 HLODRelevant:1 FolderPath:Playground/Room1 FolderGuid:D06ACB124E994F58BA954B8FD2146A4D
 |   |   |- Guid:4BB568B0432A046CE60D79BCEE4F8834 BaseClass: NativeClass:/Script/Engine.StaticMeshActor Name:StaticMeshActor_UAID_00051B6D292F547B01_2109744850 Label:Platform6 SpatiallyLoaded:1 Bounds:IsValid=true, Min=(X=950.000 Y=1060.000 Z=780.000), Max=(X=1300.000 Y=1410.000 Z=855.000) RuntimeGrid:None EditorOnly:0 RuntimeOnly:0 HLODRelevant:1 FolderPath:Playground/Room1 FolderGuid:D06ACB124E994F58BA954B8FD2146A4D
 |   |   |- Guid:52107E1B4F664F569F053CB8754480EF BaseClass: NativeClass:/Script/Engine.StaticMeshActor Name:StaticMeshActor_39 Label:SM_Ramp2 SpatiallyLoaded:1 Bounds:IsValid=true, Min=(X=1400.000 Y=1500.000 Z=0.000), Max=(X=1800.000 Y=1700.000 Z=100.000) RuntimeGrid:None EditorOnly:0 RuntimeOnly:0 HLODRelevant:1 FolderPath:Block01 FolderGuid:98087B8444A89373CC4763B3845E270A
 |   |   |- Guid:533B9CBF4F970DFAE670BCB59CC425D0 BaseClass: NativeClass:/Script/Engine.StaticMeshActor Name:StaticMeshActor_50 Label:SM_QuarterCylinder SpatiallyLoaded:1 Bounds:IsValid=true, Min=(X=2500.000 Y=2800.000 Z=0.000), Max=(X=2600.000 Y=2900.000 Z=200.000) RuntimeGrid:None EditorOnly:0 RuntimeOnly:0 HLODRelevant:1 FolderPath:Block02 FolderGuid:5DDF0B274F9C8B2C5DABA1999B167516
 |   |   |- Guid:6088656648F1E9056EB4D1A3DC1A7AB7 BaseClass: NativeClass:/Script/Engine.StaticMeshActor Name:StaticMeshActor_UAID_00051B6D292F547B01_1888756844 Label:Platform SpatiallyLoaded:1 Bounds:IsValid=true, Min=(X=80.000 Y=2270.000 Z=780.000), Max=(X=1055.000 Y=2770.000 Z=855.000) RuntimeGrid:None EditorOnly:0 RuntimeOnly:0 HLODRelevant:1 FolderPath:Playground/Room1 FolderGuid:D06ACB124E994F58BA954B8FD2146A4D
 |   |   |- Guid:6762B5CE4B92E55420F45C950CDBBE6F BaseClass: NativeClass:/Script/Engine.StaticMeshActor Name:StaticMeshActor_UAID_00051B6D292F567B01_1256937214 Label:Collectable3 SpatiallyLoaded:1 Bounds:IsValid=true, Min=(X=440.000 Y=2450.000 Z=910.000), Max=(X=540.000 Y=2550.000 Z=1010.000) RuntimeGrid:None EditorOnly:0 RuntimeOnly:0 HLODRelevant:1 FolderPath:Playground/Room1/Collectables FolderGuid:41A3150647291E1C63486F9A729AB7D7
 |   |   |- Guid:67EA9A3146C0CAC99FF97B8646AC8517 BaseClass: NativeClass:/Script/Engine.StaticMeshActor Name:StaticMeshActor_UAID_00051B6D292F537B01_1848260655 Label:Wall SpatiallyLoaded:1 Bounds:IsValid=true, Min=(X=-20.000 Y=-197.500 Z=-172.500), Max=(X=80.000 Y=3677.500 Z=2952.500) RuntimeGrid:None EditorOnly:0 RuntimeOnly:0 HLODRelevant:1 FolderPath:Playground/Room1 FolderGuid:D06ACB124E994F58BA954B8FD2146A4D
 |   |   |- Guid:6D96BBCA4AEEC31A16ACB99B7B6C3433 BaseClass: NativeClass:/Script/Engine.StaticMeshActor Name:StaticMeshActor_UAID_00051B6D292F537B01_1925818656 Label:Wall2 SpatiallyLoaded:1 Bounds:IsValid=true, Min=(X=2990.000 Y=-197.500 Z=-172.500), Max=(X=3090.000 Y=3677.500 Z=2952.500) RuntimeGrid:None EditorOnly:0 RuntimeOnly:0 HLODRelevant:1 FolderPath:Playground/Room1 FolderGuid:D06ACB124E994F58BA954B8FD2146A4D
 |   |   |- Guid:6E3A1D6D48861135EF25ECA4449FA90C BaseClass: NativeClass:/Script/Engine.PointLight Name:PointLight_UAID_00051B6D292F547B01_2091515847 Label:PointLight2 SpatiallyLoaded:1 Bounds:IsValid=true, Min=(X=-710.000 Y=-790.000 Z=-90.000), Max=(X=1290.000 Y=1210.000 Z=1910.000) RuntimeGrid:None EditorOnly:0 RuntimeOnly:0 HLODRelevant:0
 |   |   |- Guid:7030135C42052F65618CCBB28B017668 BaseClass: NativeClass:/Script/Engine.SkyAtmosphere Name:SkyAtmosphere_1 Label:SkyAtmosphere SpatiallyLoaded:0 Bounds:IsValid=true, Min=(X=0.000 Y=0.000 Z=1020.000), Max=(X=0.000 Y=0.000 Z=1020.000) RuntimeGrid:None EditorOnly:0 RuntimeOnly:0 HLODRelevant:0 FolderPath:Lighting FolderGuid:08A10B054C95868C663DE39EE4343813
 |   |   |- Guid:7533AD1E40AD7E5EAD14B5ABDDB8A07B BaseClass: NativeClass:/Script/Engine.StaticMeshActor Name:StaticMeshActor_UAID_00051B6D292F557B01_1571957031 Label:Platform11 SpatiallyLoaded:1 Bounds:IsValid=true, Min=(X=450.000 Y=1540.000 Z=780.000), Max=(X=800.000 Y=1890.000 Z=855.000) RuntimeGrid:None EditorOnly:0 RuntimeOnly:0 HLODRelevant:1 FolderPath:Playground/Room1 FolderGuid:D06ACB124E994F58BA954B8FD2146A4D
 |   |   |- Guid:7AEA331E45CEE3B99785728B48762933 BaseClass: NativeClass:/Script/Engine.StaticMeshActor Name:StaticMeshActor_60 Label:SM_QuarterCylinder13 SpatiallyLoaded:1 Bounds:IsValid=true, Min=(X=2000.000 Y=500.000 Z=0.000), Max=(X=2200.000 Y=700.000 Z=100.000) RuntimeGrid:None EditorOnly:0 RuntimeOnly:0 HLODRelevant:1 FolderPath:Cylinder FolderGuid:ECA4956E419DA4E5BAB7F389537BCB14
 |   |   |- Guid:7AF6F52F4CCD539E21C34197172C57C8 BaseClass: NativeClass:/Script/Engine.StaticMeshActor Name:StaticMeshActor_33 Label:SM_Cube SpatiallyLoaded:1 Bounds:IsValid=true, Min=(X=0.000 Y=0.000 Z=-50.000), Max=(X=3000.000 Y=3500.000 Z=0.000) RuntimeGrid:None EditorOnly:0 RuntimeOnly:0 HLODRelevant:1 FolderPath:Playground/Room1 FolderGuid:D06ACB124E994F58BA954B8FD2146A4D
 |   |   |- Guid:7F1E22294C693564C53791AA9733D63F BaseClass: NativeClass:/Script/Engine.SpotLight Name:SpotLight_UAID_00051B6D292F547B01_1765710842 Label:SpotLight3 SpatiallyLoaded:1 Bounds:IsValid=true, Min=(X=1174.918 Y=554.918 Z=-660.164), Max=(X=2565.082 Y=1945.082 Z=730.000) RuntimeGrid:None EditorOnly:0 RuntimeOnly:0 HLODRelevant:0
 |   |   |- Guid:8A93928D4B8964231D92BBB40E764991 BaseClass: NativeClass:/Script/Engine.StaticMeshActor Name:StaticMeshActor_UAID_00051B6D292F567B01_1271775215 Label:Collectable4 SpatiallyLoaded:1 Bounds:IsValid=true, Min=(X=1285.000 Y=1905.000 Z=205.000), Max=(X=1415.000 Y=2035.000 Z=335.000) RuntimeGrid:None EditorOnly:0 RuntimeOnly:0 HLODRelevant:1 FolderPath:Playground/Room1/Collectables FolderGuid:41A3150647291E1C63486F9A729AB7D7
 |   |   |- Guid:8B66662F4295B309326AA7A13040EC99 BaseClass: NativeClass:/Script/Engine.VolumetricCloud Name:VolumetricCloud_1 Label:VolumetricCloud SpatiallyLoaded:0 Bounds:IsValid=true, Min=(X=0.000 Y=0.000 Z=820.000), Max=(X=0.000 Y=0.000 Z=820.000) RuntimeGrid:None EditorOnly:0 RuntimeOnly:0 HLODRelevant:0 FolderPath:Lighting FolderGuid:08A10B054C95868C663DE39EE4343813
 |   |   |- Guid:8CE72BB54DD3539B236000AFD875DA88 BaseClass: NativeClass:/Script/Engine.StaticMeshActor Name:StaticMeshActor_UAID_00051B6D292F547B01_1214983835 Label:Large_Ramp SpatiallyLoaded:1 Bounds:IsValid=true, Min=(X=2790.000 Y=1520.000 Z=0.000), Max=(X=2990.000 Y=3020.000 Z=855.662) RuntimeGrid:None EditorOnly:0 RuntimeOnly:0 HLODRelevant:1 FolderPath:Playground/Room1 FolderGuid:D06ACB124E994F58BA954B8FD2146A4D
 |   |   |- Guid:8DBD95CA4FF901C2A4BB60857DDB5535 BaseClass: NativeClass:/Script/Engine.PlayerStart Name:PlayerStart_0 Label:PlayerStart SpatiallyLoaded:0 Bounds:IsValid=true, Min=(X=860.000 Y=1070.000 Z=0.013), Max=(X=940.000 Y=1150.000 Z=184.013) RuntimeGrid:None EditorOnly:0 RuntimeOnly:0 HLODRelevant:0
 |   |   |- Guid:96B7D58B49279129BCBB2588E1902BE5 BaseClass: NativeClass:/Script/Engine.StaticMeshActor Name:StaticMeshActor_UAID_00051B6D292F567B01_1083825212 Label:Collectable SpatiallyLoaded:1 Bounds:IsValid=true, Min=(X=1085.000 Y=1205.000 Z=895.000), Max=(X=1215.000 Y=1335.000 Z=1025.000) RuntimeGrid:None EditorOnly:0 RuntimeOnly:0 HLODRelevant:1 FolderPath:Playground/Room1/Collectables FolderGuid:41A3150647291E1C63486F9A729AB7D7
 |   |   |- Guid:9D83725944BDC2A6AFCF13A6E74B622B BaseClass: NativeClass:/Script/Engine.StaticMeshActor Name:StaticMeshActor_UAID_00051B6D292F547B01_2036359846 Label:Platform3 SpatiallyLoaded:1 Bounds:IsValid=true, Min=(X=70.000 Y=10.000 Z=780.000), Max=(X=420.000 Y=360.000 Z=855.000) RuntimeGrid:None EditorOnly:0 RuntimeOnly:0 HLODRelevant:1 FolderPath:Playground/Room1 FolderGuid:D06ACB124E994F58BA954B8FD2146A4D
 |   |   |- Guid:A9AD358D4EBB12FB416492B7B42D9707 BaseClass: NativeClass:/Script/Engine.PointLight Name:PointLight_UAID_00051B6D292F547B01_1649506838 Label:PointLight SpatiallyLoaded:1 Bounds:IsValid=true, Min=(X=1940.000 Y=660.000 Z=-610.000), Max=(X=3940.000 Y=2660.000 Z=1390.000) RuntimeGrid:None EditorOnly:0 RuntimeOnly:0 HLODRelevant:0
 |   |   |- Guid:AAD6123642E386EE1289F7A500D76C9D BaseClass: NativeClass:/Script/Engine.SpotLight Name:SpotLight_UAID_00051B6D292F547B01_1674445840 Label:SpotLight2 SpatiallyLoaded:1 Bounds:IsValid=true, Min=(X=-1206.755 Y=-1370.808 Z=-3757.123), Max=(X=3749.509 Y=3585.455 Z=1199.141) RuntimeGrid:None EditorOnly:0 RuntimeOnly:0 HLODRelevant:0
 |   |   |- Guid:AC1E38AC4B3D92BC52F1CF9B5C1C5704 BaseClass: NativeClass:/Script/Engine.SkyLight Name:SkyLight_0 Label:SkyLight SpatiallyLoaded:0 Bounds:IsValid=true, Min=(X=0.000 Y=0.000 Z=690.000), Max=(X=0.000 Y=0.000 Z=690.000) RuntimeGrid:None EditorOnly:0 RuntimeOnly:0 HLODRelevant:0 FolderPath:Lighting FolderGuid:08A10B054C95868C663DE39EE4343813
 |   |   |- Guid:AC8317D5428AD2944C2FACAA7B83D971 BaseClass: NativeClass:/Script/Engine.ExponentialHeightFog Name:ExponentialHeightFog_1 Label:ExponentialHeightFog SpatiallyLoaded:0 Bounds:IsValid=true, Min=(X=-5600.000 Y=-50.000 Z=-6850.000), Max=(X=-5600.000 Y=-50.000 Z=-6850.000) RuntimeGrid:None EditorOnly:0 RuntimeOnly:0 HLODRelevant:0 FolderPath:Lighting FolderGuid:08A10B054C95868C663DE39EE4343813
 |   |   |- Guid:B2DD338843191742990AC38E40FA1E19 BaseClass: NativeClass:/Script/Engine.StaticMeshActor Name:StaticMeshActor_52 Label:SM_Cube12 SpatiallyLoaded:1 Bounds:IsValid=true, Min=(X=2500.000 Y=2700.000 Z=0.000), Max=(X=2600.000 Y=2800.000 Z=200.000) RuntimeGrid:None EditorOnly:0 RuntimeOnly:0 HLODRelevant:1 FolderPath:Block02 FolderGuid:5DDF0B274F9C8B2C5DABA1999B167516
 |   |   |- Guid:B2E332ED449B3FB023EBBD850E1D4311 BaseClass: NativeClass:/Script/Engine.SpotLight Name:SpotLight_UAID_00051B6D292F557B01_1674909035 Label:SpotLight6 SpatiallyLoaded:1 Bounds:IsValid=true, Min=(X=-105.082 Y=984.918 Z=-640.164), Max=(X=1285.082 Y=2375.082 Z=750.000) RuntimeGrid:None EditorOnly:0 RuntimeOnly:0 HLODRelevant:0
 |   |   |- Guid:B2F0565D4AA0C962658E59BD493143DF BaseClass: NativeClass:/Script/Engine.StaticMeshActor Name:StaticMeshActor_49 Label:SM_Cube11 SpatiallyLoaded:1 Bounds:IsValid=true, Min=(X=400.000 Y=2600.000 Z=0.000), Max=(X=700.000 Y=2900.000 Z=200.000) RuntimeGrid:None EditorOnly:0 RuntimeOnly:0 HLODRelevant:1 FolderPath:Block03 FolderGuid:8CD3949449A9ED1D3F209CA69A64B60F
 |   |   |- Guid:B4979E9F43FD55B59B624596A7F3F780 BaseClass: NativeClass:/Script/Engine.StaticMeshActor Name:StaticMeshActor_57 Label:SM_QuarterCylinder6 SpatiallyLoaded:1 Bounds:IsValid=true, Min=(X=1200.000 Y=2200.000 Z=0.000), Max=(X=1300.000 Y=2300.000 Z=200.000) RuntimeGrid:None EditorOnly:0 RuntimeOnly:0 HLODRelevant:1 FolderPath:Block01 FolderGuid:98087B8444A89373CC4763B3845E270A
 |   |   |- Guid:B68448E447D3100454A522A6693E639E BaseClass: NativeClass:/Script/Engine.StaticMeshActor Name:StaticMeshActor_47 Label:SM_Ramp3 SpatiallyLoaded:1 Bounds:IsValid=true, Min=(X=1800.000 Y=1700.000 Z=100.000), Max=(X=2000.000 Y=2100.000 Z=200.000) RuntimeGrid:None EditorOnly:0 RuntimeOnly:0 HLODRelevant:1 FolderPath:Block01 FolderGuid:98087B8444A89373CC4763B3845E270A
 |   |   |- Guid:BED3D255453DD62A8DA01CABA1944631 BaseClass: NativeClass:/Script/Engine.StaticMeshActor Name:StaticMeshActor_UAID_00051B6D292F567B01_1242238213 Label:Collectable2 SpatiallyLoaded:1 Bounds:IsValid=true, Min=(X=460.000 Y=1710.000 Z=910.000), Max=(X=560.000 Y=1810.000 Z=1010.000) RuntimeGrid:None EditorOnly:0 RuntimeOnly:0 HLODRelevant:1 FolderPath:Playground/Room1/Collectables FolderGuid:41A3150647291E1C63486F9A729AB7D7
 |   |   |- Guid:BF0B22D946DBE67C0EDB4597E246A9FF BaseClass: NativeClass:/Script/Engine.WorldDataLayers Name:WorldDataLayers Label:WorldDataLayers-1 SpatiallyLoaded:0 Bounds:IsValid=true, Min=(X=0.000 Y=0.000 Z=0.000), Max=(X=0.000 Y=0.000 Z=0.000) RuntimeGrid:None EditorOnly:0 RuntimeOnly:0 HLODRelevant:0
 |   |   |- Guid:C30555EC40B816700BB9B289723233CA BaseClass: NativeClass:/Script/Engine.StaticMeshActor Name:StaticMeshActor_UAID_00051B6D292F557B01_1091521029 Label:Platform9 SpatiallyLoaded:1 Bounds:IsValid=true, Min=(X=1295.000 Y=1060.000 Z=780.000), Max=(X=1370.000 Y=1410.000 Z=1130.000) RuntimeGrid:None EditorOnly:0 RuntimeOnly:0 HLODRelevant:1 FolderPath:Playground/Room1 FolderGuid:D06ACB124E994F58BA954B8FD2146A4D
 |   |   |- Guid:C31BEE5F4556394F022ADBBC24BD0F16 BaseClass: NativeClass:/Script/Engine.StaticMeshActor Name:StaticMeshActor_44 Label:SM_Cube7 SpatiallyLoaded:1 Bounds:IsValid=true, Min=(X=1300.000 Y=2200.000 Z=0.000), Max=(X=1500.000 Y=2300.000 Z=200.000) RuntimeGrid:None EditorOnly:0 RuntimeOnly:0 HLODRelevant:1 FolderPath:Block01 FolderGuid:98087B8444A89373CC4763B3845E270A
 |   |   |- Guid:C631E97040B9EE9B416E25986CF8641F BaseClass: NativeClass:/Script/Engine.PostProcessVolume Name:PostProcessVolume_0 Label:PostProcessVolume SpatiallyLoaded:0 Bounds:IsValid=true, Min=(X=0.000 Y=0.000 Z=400.000), Max=(X=200.000 Y=200.000 Z=600.000) RuntimeGrid:None EditorOnly:0 RuntimeOnly:0 HLODRelevant:0 FolderPath:Lighting FolderGuid:08A10B054C95868C663DE39EE4343813
 |   |   |- Guid:CD54A4024EAC00CDD2C228AE42077B32 BaseClass: NativeClass:/Script/Engine.StaticMeshActor Name:StaticMeshActor_UAID_00051B6D292F557B01_1081565028 Label:Platform8 SpatiallyLoaded:1 Bounds:IsValid=true, Min=(X=950.000 Y=1400.000 Z=780.000), Max=(X=1300.000 Y=1475.000 Z=1130.000) RuntimeGrid:None EditorOnly:0 RuntimeOnly:0 HLODRelevant:1 FolderPath:Playground/Room1 FolderGuid:D06ACB124E994F58BA954B8FD2146A4D
 |   |   |- Guid:CEDF3AB44D00A021F1DFBA82C04E53CF BaseClass: NativeClass:/Script/Engine.StaticMeshActor Name:StaticMeshActor_UAID_00051B6D292F547B01_2015715845 Label:Platform2 SpatiallyLoaded:1 Bounds:IsValid=true, Min=(X=1212.375 Y=1816.978 Z=780.000), Max=(X=2070.000 Y=2649.951 Z=855.000) RuntimeGrid:None EditorOnly:0 RuntimeOnly:0 HLODRelevant:1 FolderPath:Playground/Room1 FolderGuid:D06ACB124E994F58BA954B8FD2146A4D
 |   |   |- Guid:CFA0A0D2482819655FF2DE8D67D64750 BaseClass: NativeClass:/Script/Engine.StaticMeshActor Name:StaticMeshActor_UAID_A4AE111137DC5EFB00_1594956423 Label:SM_SkySphere SpatiallyLoaded:0 Bounds:IsValid=true, Min=(X=-1638400.000 Y=-1638400.000 Z=-1638400.000), Max=(X=1638400.000 Y=1638400.000 Z=1638400.000) RuntimeGrid:None EditorOnly:0 RuntimeOnly:0 HLODRelevant:1 FolderPath:Lighting FolderGuid:08A10B054C95868C663DE39EE4343813
 |   |   |- Guid:CFE20DCE46ED0D2BCFA32A80A5FA20A9 BaseClass: NativeClass:/Script/Engine.StaticMeshActor Name:StaticMeshActor_UAID_00051B6D292F547B01_2102662848 Label:Platform4 SpatiallyLoaded:1 Bounds:IsValid=true, Min=(X=750.000 Y=260.000 Z=780.000), Max=(X=1100.000 Y=610.000 Z=855.000) RuntimeGrid:None EditorOnly:0 RuntimeOnly:0 HLODRelevant:1 FolderPath:Playground/Room1 FolderGuid:D06ACB124E994F58BA954B8FD2146A4D
 |   |   |- Guid:D48BC30B4C8DC92BDCE23C82CB3DA53F BaseClass: NativeClass:/Script/Engine.StaticMeshActor Name:StaticMeshActor_45 Label:SM_Cube8 SpatiallyLoaded:1 Bounds:IsValid=true, Min=(X=1300.000 Y=2600.000 Z=0.000), Max=(X=2500.000 Y=2900.000 Z=200.000) RuntimeGrid:None EditorOnly:0 RuntimeOnly:0 HLODRelevant:1 FolderPath:Block02 FolderGuid:5DDF0B274F9C8B2C5DABA1999B167516
 |   |   |- Guid:D7483D4C45FE8B069338838A2533BC27 BaseClass: NativeClass:/Script/Engine.StaticMeshActor Name:StaticMeshActor_UAID_00051B6D292F537B01_1951921658 Label:Wall4 SpatiallyLoaded:1 Bounds:IsValid=true, Min=(X=-357.500 Y=-80.000 Z=-172.500), Max=(X=3517.500 Y=20.000 Z=2952.500) RuntimeGrid:None EditorOnly:0 RuntimeOnly:0 HLODRelevant:1 FolderPath:Playground/Room1 FolderGuid:D06ACB124E994F58BA954B8FD2146A4D
 |   |   |- Guid:DC22E7BB49DE3A91F20268A132A32AA0 BaseClass: NativeClass:/Script/Engine.StaticMeshActor Name:StaticMeshActor_51 Label:SM_QuarterCylinder2 SpatiallyLoaded:1 Bounds:IsValid=true, Min=(X=2500.000 Y=2600.000 Z=0.000), Max=(X=2600.000 Y=2700.000 Z=200.000) RuntimeGrid:None EditorOnly:0 RuntimeOnly:0 HLODRelevant:1 FolderPath:Block02 FolderGuid:5DDF0B274F9C8B2C5DABA1999B167516
 |   |   |- Guid:E63A02E149B944AD54FA3D8677870901 BaseClass: NativeClass:/Script/Engine.StaticMeshActor Name:StaticMeshActor_46 Label:SM_Cube9 SpatiallyLoaded:1 Bounds:IsValid=true, Min=(X=1800.000 Y=1500.000 Z=0.000), Max=(X=2000.000 Y=2200.000 Z=100.000) RuntimeGrid:None EditorOnly:0 RuntimeOnly:0 HLODRelevant:1 FolderPath:Block01 FolderGuid:98087B8444A89373CC4763B3845E270A
 |   |   |- Guid:E98EF7F84AC01AEED08C3F9F02CF118A BaseClass: NativeClass:/Script/Engine.StaticMeshActor Name:StaticMeshActor_59 Label:SM_QuarterCylinder12 SpatiallyLoaded:1 Bounds:IsValid=true, Min=(X=2000.000 Y=700.000 Z=0.000), Max=(X=2200.000 Y=900.000 Z=100.000) RuntimeGrid:None EditorOnly:0 RuntimeOnly:0 HLODRelevant:1 FolderPath:Cylinder FolderGuid:ECA4956E419DA4E5BAB7F389537BCB14
 |   |   |- Guid:EAE5E0BD4358B811F7927B891B9303DB BaseClass: NativeClass:/Script/Engine.SpotLight Name:SpotLight_UAID_00051B6D292F557B01_1646006034 Label:SpotLight5 SpatiallyLoaded:1 Bounds:IsValid=true, Min=(X=1024.918 Y=1364.918 Z=-660.164), Max=(X=2415.082 Y=2755.082 Z=730.000) RuntimeGrid:None EditorOnly:0 RuntimeOnly:0 HLODRelevant:0
 |   |   |- Guid:F0BCE398486595288A243CA4CEACE016 BaseClass: NativeClass:/Script/Engine.SpotLight Name:SpotLight_UAID_00051B6D292F557B01_1626901033 Label:SpotLight4 SpatiallyLoaded:1 Bounds:IsValid=true, Min=(X=-550.970 Y=-476.547 Z=-3757.123), Max=(X=4405.293 Y=4479.716 Z=1199.141) RuntimeGrid:None EditorOnly:0 RuntimeOnly:0 HLODRelevant:0
 |   |   |- Guid:F631E95D4CB766F3B70919865032A92E BaseClass: NativeClass:/Script/Engine.StaticMeshActor Name:StaticMeshActor_56 Label:SM_Cube13 SpatiallyLoaded:1 Bounds:IsValid=true, Min=(X=300.000 Y=2700.000 Z=0.000), Max=(X=400.000 Y=2800.000 Z=200.000) RuntimeGrid:None EditorOnly:0 RuntimeOnly:0 HLODRelevant:1 FolderPath:Block03 FolderGuid:8CD3949449A9ED1D3F209CA69A64B60F
 |   |   |- Guid:F837836E49AC7FA095CED9910EB18FFF BaseClass: NativeClass:/Script/Engine.StaticMeshActor Name:StaticMeshActor_UAID_00051B6D292F557B01_1154943030 Label:Platform10 SpatiallyLoaded:1 Bounds:IsValid=true, Min=(X=1410.000 Y=260.000 Z=780.000), Max=(X=1760.000 Y=610.000 Z=855.000) RuntimeGrid:None EditorOnly:0 RuntimeOnly:0 HLODRelevant:1 FolderPath:Playground/Room1 FolderGuid:D06ACB124E994F58BA954B8FD2146A4D
 |   |   |- Guid:FD509F674E887455C4E772A4940AF3E0 BaseClass: NativeClass:/Script/Engine.StaticMeshActor Name:StaticMeshActor_48 Label:SM_Cube10 SpatiallyLoaded:1 Bounds:IsValid=true, Min=(X=1800.000 Y=2100.000 Z=100.000), Max=(X=2000.000 Y=2200.000 Z=200.000) RuntimeGrid:None EditorOnly:0 RuntimeOnly:0 HLODRelevant:1 FolderPath:Block01 FolderGuid:98087B8444A89373CC4763B3845E270A
 |   |- [+] Clusters:
 |   |   |- [+] [  0]
 |   |   |   |- Guid:7F1E22294C693564C53791AA9733D63F BaseClass: NativeClass:/Script/Engine.SpotLight Name:SpotLight_UAID_00051B6D292F547B01_1765710842 Label:SpotLight3 SpatiallyLoaded:1 Bounds:IsValid=true, Min=(X=1174.918 Y=554.918 Z=-660.164), Max=(X=2565.082 Y=1945.082 Z=730.000) RuntimeGrid:None EditorOnly:0 RuntimeOnly:0 HLODRelevant:0
 |   |   |- [+] [  1]
 |   |   |   |- Guid:BED3D255453DD62A8DA01CABA1944631 BaseClass: NativeClass:/Script/Engine.StaticMeshActor Name:StaticMeshActor_UAID_00051B6D292F567B01_1242238213 Label:Collectable2 SpatiallyLoaded:1 Bounds:IsValid=true, Min=(X=460.000 Y=1710.000 Z=910.000), Max=(X=560.000 Y=1810.000 Z=1010.000) RuntimeGrid:None EditorOnly:0 RuntimeOnly:0 HLODRelevant:1 FolderPath:Playground/Room1/Collectables FolderGuid:41A3150647291E1C63486F9A729AB7D7
 |   |   |- [+] [  2]
 |   |   |   |- Guid:C30555EC40B816700BB9B289723233CA BaseClass: NativeClass:/Script/Engine.StaticMeshActor Name:StaticMeshActor_UAID_00051B6D292F557B01_1091521029 Label:Platform9 SpatiallyLoaded:1 Bounds:IsValid=true, Min=(X=1295.000 Y=1060.000 Z=780.000), Max=(X=1370.000 Y=1410.000 Z=1130.000) RuntimeGrid:None EditorOnly:0 RuntimeOnly:0 HLODRelevant:1 FolderPath:Playground/Room1 FolderGuid:D06ACB124E994F58BA954B8FD2146A4D
 |   |   |- [+] [  3]
 |   |   |   |- Guid:4161A9A44CC93371B7E337ACB9974354 BaseClass: NativeClass:/Script/Engine.DirectionalLight Name:DirectionalLight_1 Label:DirectionalLight SpatiallyLoaded:0 Bounds:IsValid=true, Min=(X=-4398046511104.000 Y=-4398046511104.000 Z=-4398046511104.000), Max=(X=4398046511104.000 Y=4398046511104.000 Z=4398046511104.000) RuntimeGrid:None EditorOnly:0 RuntimeOnly:0 HLODRelevant:0 FolderPath:Lighting FolderGuid:08A10B054C95868C663DE39EE4343813
 |   |   |- [+] [  4]
 |   |   |   |- Guid:E98EF7F84AC01AEED08C3F9F02CF118A BaseClass: NativeClass:/Script/Engine.StaticMeshActor Name:StaticMeshActor_59 Label:SM_QuarterCylinder12 SpatiallyLoaded:1 Bounds:IsValid=true, Min=(X=2000.000 Y=700.000 Z=0.000), Max=(X=2200.000 Y=900.000 Z=100.000) RuntimeGrid:None EditorOnly:0 RuntimeOnly:0 HLODRelevant:1 FolderPath:Cylinder FolderGuid:ECA4956E419DA4E5BAB7F389537BCB14
 |   |   |- [+] [  5]
 |   |   |   |- Guid:3EA67F1D4FAEADD723C484B7C732A15D BaseClass: NativeClass:/Script/Engine.StaticMeshActor Name:StaticMeshActor_58 Label:SM_QuarterCylinder11 SpatiallyLoaded:1 Bounds:IsValid=true, Min=(X=2200.000 Y=700.000 Z=0.000), Max=(X=2400.000 Y=900.000 Z=100.000) RuntimeGrid:None EditorOnly:0 RuntimeOnly:0 HLODRelevant:1 FolderPath:Cylinder FolderGuid:ECA4956E419DA4E5BAB7F389537BCB14
 |   |   |- [+] [  6]
 |   |   |   |- Guid:009045684B5D8A40F99F848B4C6E8237 BaseClass: NativeClass:/Script/Engine.StaticMeshActor Name:StaticMeshActor_53 Label:SM_QuarterCylinder3 SpatiallyLoaded:1 Bounds:IsValid=true, Min=(X=1500.000 Y=2200.000 Z=0.000), Max=(X=1600.000 Y=2300.000 Z=200.000) RuntimeGrid:None EditorOnly:0 RuntimeOnly:0 HLODRelevant:1 FolderPath:Block01 FolderGuid:98087B8444A89373CC4763B3845E270A
 |   |   |- [+] [  7]
 |   |   |   |- Guid:67EA9A3146C0CAC99FF97B8646AC8517 BaseClass: NativeClass:/Script/Engine.StaticMeshActor Name:StaticMeshActor_UAID_00051B6D292F537B01_1848260655 Label:Wall SpatiallyLoaded:1 Bounds:IsValid=true, Min=(X=-20.000 Y=-197.500 Z=-172.500), Max=(X=80.000 Y=3677.500 Z=2952.500) RuntimeGrid:None EditorOnly:0 RuntimeOnly:0 HLODRelevant:1 FolderPath:Playground/Room1 FolderGuid:D06ACB124E994F58BA954B8FD2146A4D
 |   |   |- [+] [  8]
 |   |   |   |- Guid:453C65D149B5646AA521CDAC0A4A14BB BaseClass: NativeClass:/Script/Engine.StaticMeshActor Name:StaticMeshActor_UAID_00051B6D292F537B01_1935260657 Label:Wall3 SpatiallyLoaded:1 Bounds:IsValid=true, Min=(X=-357.500 Y=3490.000 Z=-172.500), Max=(X=3517.500 Y=3590.000 Z=2952.500) RuntimeGrid:None EditorOnly:0 RuntimeOnly:0 HLODRelevant:1 FolderPath:Playground/Room1 FolderGuid:D06ACB124E994F58BA954B8FD2146A4D
 |   |   |- [+] [  9]
 |   |   |   |- Guid:8DBD95CA4FF901C2A4BB60857DDB5535 BaseClass: NativeClass:/Script/Engine.PlayerStart Name:PlayerStart_0 Label:PlayerStart SpatiallyLoaded:0 Bounds:IsValid=true, Min=(X=860.000 Y=1070.000 Z=0.013), Max=(X=940.000 Y=1150.000 Z=184.013) RuntimeGrid:None EditorOnly:0 RuntimeOnly:0 HLODRelevant:0
 |   |   |- [+] [ 10]
 |   |   |   |- Guid:7AF6F52F4CCD539E21C34197172C57C8 BaseClass: NativeClass:/Script/Engine.StaticMeshActor Name:StaticMeshActor_33 Label:SM_Cube SpatiallyLoaded:1 Bounds:IsValid=true, Min=(X=0.000 Y=0.000 Z=-50.000), Max=(X=3000.000 Y=3500.000 Z=0.000) RuntimeGrid:None EditorOnly:0 RuntimeOnly:0 HLODRelevant:1 FolderPath:Playground/Room1 FolderGuid:D06ACB124E994F58BA954B8FD2146A4D
 |   |   |- [+] [ 11]
 |   |   |   |- Guid:F837836E49AC7FA095CED9910EB18FFF BaseClass: NativeClass:/Script/Engine.StaticMeshActor Name:StaticMeshActor_UAID_00051B6D292F557B01_1154943030 Label:Platform10 SpatiallyLoaded:1 Bounds:IsValid=true, Min=(X=1410.000 Y=260.000 Z=780.000), Max=(X=1760.000 Y=610.000 Z=855.000) RuntimeGrid:None EditorOnly:0 RuntimeOnly:0 HLODRelevant:1 FolderPath:Playground/Room1 FolderGuid:D06ACB124E994F58BA954B8FD2146A4D
 |   |   |- [+] [ 12]
 |   |   |   |- Guid:6E3A1D6D48861135EF25ECA4449FA90C BaseClass: NativeClass:/Script/Engine.PointLight Name:PointLight_UAID_00051B6D292F547B01_2091515847 Label:PointLight2 SpatiallyLoaded:1 Bounds:IsValid=true, Min=(X=-710.000 Y=-790.000 Z=-90.000), Max=(X=1290.000 Y=1210.000 Z=1910.000) RuntimeGrid:None EditorOnly:0 RuntimeOnly:0 HLODRelevant:0
 |   |   |- [+] [ 13]
 |   |   |   |- Guid:0065FE9A48DB8F3947272DA8867034A6 BaseClass: NativeClass:/Script/Engine.StaticMeshActor Name:StaticMeshActor_UAID_00051B6D292F547B01_2117591851 Label:Platform7 SpatiallyLoaded:1 Bounds:IsValid=true, Min=(X=1530.000 Y=870.000 Z=780.000), Max=(X=2030.000 Y=1570.000 Z=855.000) RuntimeGrid:None EditorOnly:0 RuntimeOnly:0 HLODRelevant:1 FolderPath:Playground/Room1 FolderGuid:D06ACB124E994F58BA954B8FD2146A4D
 |   |   |- [+] [ 14]
 |   |   |   |- Guid:3A5DFE47497640D3A31AB9AD0684FCFA BaseClass: NativeClass:/Script/Engine.StaticMeshActor Name:StaticMeshActor_35 Label:SM_Ramp SpatiallyLoaded:1 Bounds:IsValid=true, Min=(X=1300.000 Y=600.000 Z=0.000), Max=(X=1700.000 Y=800.000 Z=30.000) RuntimeGrid:None EditorOnly:0 RuntimeOnly:0 HLODRelevant:1
 |   |   |- [+] [ 15]
 |   |   |   |- Guid:7AEA331E45CEE3B99785728B48762933 BaseClass: NativeClass:/Script/Engine.StaticMeshActor Name:StaticMeshActor_60 Label:SM_QuarterCylinder13 SpatiallyLoaded:1 Bounds:IsValid=true, Min=(X=2000.000 Y=500.000 Z=0.000), Max=(X=2200.000 Y=700.000 Z=100.000) RuntimeGrid:None EditorOnly:0 RuntimeOnly:0 HLODRelevant:1 FolderPath:Cylinder FolderGuid:ECA4956E419DA4E5BAB7F389537BCB14
 |   |   |- [+] [ 16]
 |   |   |   |- Guid:8CE72BB54DD3539B236000AFD875DA88 BaseClass: NativeClass:/Script/Engine.StaticMeshActor Name:StaticMeshActor_UAID_00051B6D292F547B01_1214983835 Label:Large_Ramp SpatiallyLoaded:1 Bounds:IsValid=true, Min=(X=2790.000 Y=1520.000 Z=0.000), Max=(X=2990.000 Y=3020.000 Z=855.662) RuntimeGrid:None EditorOnly:0 RuntimeOnly:0 HLODRelevant:1 FolderPath:Playground/Room1 FolderGuid:D06ACB124E994F58BA954B8FD2146A4D
 |   |   |- [+] [ 17]
 |   |   |   |- Guid:F0BCE398486595288A243CA4CEACE016 BaseClass: NativeClass:/Script/Engine.SpotLight Name:SpotLight_UAID_00051B6D292F557B01_1626901033 Label:SpotLight4 SpatiallyLoaded:1 Bounds:IsValid=true, Min=(X=-550.970 Y=-476.547 Z=-3757.123), Max=(X=4405.293 Y=4479.716 Z=1199.141) RuntimeGrid:None EditorOnly:0 RuntimeOnly:0 HLODRelevant:0
 |   |   |- [+] [ 18]
 |   |   |   |- Guid:03EA2F014E732A9C7D158CBC49F98FD0 BaseClass: NativeClass:/Script/Engine.SpotLight Name:SpotLight_UAID_00051B6D292F547B01_1541675837 Label:SpotLight SpatiallyLoaded:1 Bounds:IsValid=true, Min=(X=-1523.283 Y=-331.054 Z=-3757.123), Max=(X=3432.980 Y=4625.209 Z=1199.141) RuntimeGrid:None EditorOnly:0 RuntimeOnly:0 HLODRelevant:0
 |   |   |- [+] [ 19]
 |   |   |   |- Guid:CD54A4024EAC00CDD2C228AE42077B32 BaseClass: NativeClass:/Script/Engine.StaticMeshActor Name:StaticMeshActor_UAID_00051B6D292F557B01_1081565028 Label:Platform8 SpatiallyLoaded:1 Bounds:IsValid=true, Min=(X=950.000 Y=1400.000 Z=780.000), Max=(X=1300.000 Y=1475.000 Z=1130.000) RuntimeGrid:None EditorOnly:0 RuntimeOnly:0 HLODRelevant:1 FolderPath:Playground/Room1 FolderGuid:D06ACB124E994F58BA954B8FD2146A4D
 |   |   |- [+] [ 20]
 |   |   |   |- Guid:CFE20DCE46ED0D2BCFA32A80A5FA20A9 BaseClass: NativeClass:/Script/Engine.StaticMeshActor Name:StaticMeshActor_UAID_00051B6D292F547B01_2102662848 Label:Platform4 SpatiallyLoaded:1 Bounds:IsValid=true, Min=(X=750.000 Y=260.000 Z=780.000), Max=(X=1100.000 Y=610.000 Z=855.000) RuntimeGrid:None EditorOnly:0 RuntimeOnly:0 HLODRelevant:1 FolderPath:Playground/Room1 FolderGuid:D06ACB124E994F58BA954B8FD2146A4D
 |   |   |- [+] [ 21]
 |   |   |   |- Guid:A9AD358D4EBB12FB416492B7B42D9707 BaseClass: NativeClass:/Script/Engine.PointLight Name:PointLight_UAID_00051B6D292F547B01_1649506838 Label:PointLight SpatiallyLoaded:1 Bounds:IsValid=true, Min=(X=1940.000 Y=660.000 Z=-610.000), Max=(X=3940.000 Y=2660.000 Z=1390.000) RuntimeGrid:None EditorOnly:0 RuntimeOnly:0 HLODRelevant:0
 |   |   |- [+] [ 22]
 |   |   |   |- Guid:6D96BBCA4AEEC31A16ACB99B7B6C3433 BaseClass: NativeClass:/Script/Engine.StaticMeshActor Name:StaticMeshActor_UAID_00051B6D292F537B01_1925818656 Label:Wall2 SpatiallyLoaded:1 Bounds:IsValid=true, Min=(X=2990.000 Y=-197.500 Z=-172.500), Max=(X=3090.000 Y=3677.500 Z=2952.500) RuntimeGrid:None EditorOnly:0 RuntimeOnly:0 HLODRelevant:1 FolderPath:Playground/Room1 FolderGuid:D06ACB124E994F58BA954B8FD2146A4D
 |   |   |- [+] [ 23]
 |   |   |   |- Guid:B2DD338843191742990AC38E40FA1E19 BaseClass: NativeClass:/Script/Engine.StaticMeshActor Name:StaticMeshActor_52 Label:SM_Cube12 SpatiallyLoaded:1 Bounds:IsValid=true, Min=(X=2500.000 Y=2700.000 Z=0.000), Max=(X=2600.000 Y=2800.000 Z=200.000) RuntimeGrid:None EditorOnly:0 RuntimeOnly:0 HLODRelevant:1 FolderPath:Block02 FolderGuid:5DDF0B274F9C8B2C5DABA1999B167516
 |   |   |- [+] [ 24]
 |   |   |   |- Guid:AAD6123642E386EE1289F7A500D76C9D BaseClass: NativeClass:/Script/Engine.SpotLight Name:SpotLight_UAID_00051B6D292F547B01_1674445840 Label:SpotLight2 SpatiallyLoaded:1 Bounds:IsValid=true, Min=(X=-1206.755 Y=-1370.808 Z=-3757.123), Max=(X=3749.509 Y=3585.455 Z=1199.141) RuntimeGrid:None EditorOnly:0 RuntimeOnly:0 HLODRelevant:0
 |   |   |- [+] [ 25]
 |   |   |   |- Guid:6088656648F1E9056EB4D1A3DC1A7AB7 BaseClass: NativeClass:/Script/Engine.StaticMeshActor Name:StaticMeshActor_UAID_00051B6D292F547B01_1888756844 Label:Platform SpatiallyLoaded:1 Bounds:IsValid=true, Min=(X=80.000 Y=2270.000 Z=780.000), Max=(X=1055.000 Y=2770.000 Z=855.000) RuntimeGrid:None EditorOnly:0 RuntimeOnly:0 HLODRelevant:1 FolderPath:Playground/Room1 FolderGuid:D06ACB124E994F58BA954B8FD2146A4D
 |   |   |- [+] [ 26]
 |   |   |   |- Guid:E63A02E149B944AD54FA3D8677870901 BaseClass: NativeClass:/Script/Engine.StaticMeshActor Name:StaticMeshActor_46 Label:SM_Cube9 SpatiallyLoaded:1 Bounds:IsValid=true, Min=(X=1800.000 Y=1500.000 Z=0.000), Max=(X=2000.000 Y=2200.000 Z=100.000) RuntimeGrid:None EditorOnly:0 RuntimeOnly:0 HLODRelevant:1 FolderPath:Block01 FolderGuid:98087B8444A89373CC4763B3845E270A
 |   |   |- [+] [ 27]
 |   |   |   |- Guid:8B66662F4295B309326AA7A13040EC99 BaseClass: NativeClass:/Script/Engine.VolumetricCloud Name:VolumetricCloud_1 Label:VolumetricCloud SpatiallyLoaded:0 Bounds:IsValid=true, Min=(X=0.000 Y=0.000 Z=820.000), Max=(X=0.000 Y=0.000 Z=820.000) RuntimeGrid:None EditorOnly:0 RuntimeOnly:0 HLODRelevant:0 FolderPath:Lighting FolderGuid:08A10B054C95868C663DE39EE4343813
 |   |   |- [+] [ 28]
 |   |   |   |- Guid:AC8317D5428AD2944C2FACAA7B83D971 BaseClass: NativeClass:/Script/Engine.ExponentialHeightFog Name:ExponentialHeightFog_1 Label:ExponentialHeightFog SpatiallyLoaded:0 Bounds:IsValid=true, Min=(X=-5600.000 Y=-50.000 Z=-6850.000), Max=(X=-5600.000 Y=-50.000 Z=-6850.000) RuntimeGrid:None EditorOnly:0 RuntimeOnly:0 HLODRelevant:0 FolderPath:Lighting FolderGuid:08A10B054C95868C663DE39EE4343813
 |   |   |- [+] [ 29]
 |   |   |   |- Guid:D7483D4C45FE8B069338838A2533BC27 BaseClass: NativeClass:/Script/Engine.StaticMeshActor Name:StaticMeshActor_UAID_00051B6D292F537B01_1951921658 Label:Wall4 SpatiallyLoaded:1 Bounds:IsValid=true, Min=(X=-357.500 Y=-80.000 Z=-172.500), Max=(X=3517.500 Y=20.000 Z=2952.500) RuntimeGrid:None EditorOnly:0 RuntimeOnly:0 HLODRelevant:1 FolderPath:Playground/Room1 FolderGuid:D06ACB124E994F58BA954B8FD2146A4D
 |   |   |- [+] [ 30]
 |   |   |   |- Guid:533B9CBF4F970DFAE670BCB59CC425D0 BaseClass: NativeClass:/Script/Engine.StaticMeshActor Name:StaticMeshActor_50 Label:SM_QuarterCylinder SpatiallyLoaded:1 Bounds:IsValid=true, Min=(X=2500.000 Y=2800.000 Z=0.000), Max=(X=2600.000 Y=2900.000 Z=200.000) RuntimeGrid:None EditorOnly:0 RuntimeOnly:0 HLODRelevant:1 FolderPath:Block02 FolderGuid:5DDF0B274F9C8B2C5DABA1999B167516
 |   |   |- [+] [ 31]
 |   |   |   |- Guid:B68448E447D3100454A522A6693E639E BaseClass: NativeClass:/Script/Engine.StaticMeshActor Name:StaticMeshActor_47 Label:SM_Ramp3 SpatiallyLoaded:1 Bounds:IsValid=true, Min=(X=1800.000 Y=1700.000 Z=100.000), Max=(X=2000.000 Y=2100.000 Z=200.000) RuntimeGrid:None EditorOnly:0 RuntimeOnly:0 HLODRelevant:1 FolderPath:Block01 FolderGuid:98087B8444A89373CC4763B3845E270A
 |   |   |- [+] [ 32]
 |   |   |   |- Guid:FD509F674E887455C4E772A4940AF3E0 BaseClass: NativeClass:/Script/Engine.StaticMeshActor Name:StaticMeshActor_48 Label:SM_Cube10 SpatiallyLoaded:1 Bounds:IsValid=true, Min=(X=1800.000 Y=2100.000 Z=100.000), Max=(X=2000.000 Y=2200.000 Z=200.000) RuntimeGrid:None EditorOnly:0 RuntimeOnly:0 HLODRelevant:1 FolderPath:Block01 FolderGuid:98087B8444A89373CC4763B3845E270A
 |   |   |- [+] [ 33]
 |   |   |   |- Guid:DC22E7BB49DE3A91F20268A132A32AA0 BaseClass: NativeClass:/Script/Engine.StaticMeshActor Name:StaticMeshActor_51 Label:SM_QuarterCylinder2 SpatiallyLoaded:1 Bounds:IsValid=true, Min=(X=2500.000 Y=2600.000 Z=0.000), Max=(X=2600.000 Y=2700.000 Z=200.000) RuntimeGrid:None EditorOnly:0 RuntimeOnly:0 HLODRelevant:1 FolderPath:Block02 FolderGuid:5DDF0B274F9C8B2C5DABA1999B167516
 |   |   |- [+] [ 34]
 |   |   |   |- Guid:4360A41549157101BF6F62A865FB2781 BaseClass: NativeClass:/Script/Engine.StaticMeshActor Name:StaticMeshActor_54 Label:SM_QuarterCylinder4 SpatiallyLoaded:1 Bounds:IsValid=true, Min=(X=300.000 Y=2600.000 Z=0.000), Max=(X=400.000 Y=2700.000 Z=200.000) RuntimeGrid:None EditorOnly:0 RuntimeOnly:0 HLODRelevant:1 FolderPath:Block03 FolderGuid:8CD3949449A9ED1D3F209CA69A64B60F
 |   |   |- [+] [ 35]
 |   |   |   |- Guid:2E4EB9054EC0F09870646C881D552220 BaseClass: NativeClass:/Script/Engine.StaticMeshActor Name:StaticMeshActor_55 Label:SM_QuarterCylinder5 SpatiallyLoaded:1 Bounds:IsValid=true, Min=(X=300.000 Y=2800.000 Z=0.000), Max=(X=400.000 Y=2900.000 Z=200.000) RuntimeGrid:None EditorOnly:0 RuntimeOnly:0 HLODRelevant:1 FolderPath:Block03 FolderGuid:8CD3949449A9ED1D3F209CA69A64B60F
 |   |   |- [+] [ 36]
 |   |   |   |- Guid:F631E95D4CB766F3B70919865032A92E BaseClass: NativeClass:/Script/Engine.StaticMeshActor Name:StaticMeshActor_56 Label:SM_Cube13 SpatiallyLoaded:1 Bounds:IsValid=true, Min=(X=300.000 Y=2700.000 Z=0.000), Max=(X=400.000 Y=2800.000 Z=200.000) RuntimeGrid:None EditorOnly:0 RuntimeOnly:0 HLODRelevant:1 FolderPath:Block03 FolderGuid:8CD3949449A9ED1D3F209CA69A64B60F
 |   |   |- [+] [ 37]
 |   |   |   |- Guid:C631E97040B9EE9B416E25986CF8641F BaseClass: NativeClass:/Script/Engine.PostProcessVolume Name:PostProcessVolume_0 Label:PostProcessVolume SpatiallyLoaded:0 Bounds:IsValid=true, Min=(X=0.000 Y=0.000 Z=400.000), Max=(X=200.000 Y=200.000 Z=600.000) RuntimeGrid:None EditorOnly:0 RuntimeOnly:0 HLODRelevant:0 FolderPath:Lighting FolderGuid:08A10B054C95868C663DE39EE4343813
 |   |   |- [+] [ 38]
 |   |   |   |- Guid:B2F0565D4AA0C962658E59BD493143DF BaseClass: NativeClass:/Script/Engine.StaticMeshActor Name:StaticMeshActor_49 Label:SM_Cube11 SpatiallyLoaded:1 Bounds:IsValid=true, Min=(X=400.000 Y=2600.000 Z=0.000), Max=(X=700.000 Y=2900.000 Z=200.000) RuntimeGrid:None EditorOnly:0 RuntimeOnly:0 HLODRelevant:1 FolderPath:Block03 FolderGuid:8CD3949449A9ED1D3F209CA69A64B60F
 |   |   |- [+] [ 39]
 |   |   |   |- Guid:CFA0A0D2482819655FF2DE8D67D64750 BaseClass: NativeClass:/Script/Engine.StaticMeshActor Name:StaticMeshActor_UAID_A4AE111137DC5EFB00_1594956423 Label:SM_SkySphere SpatiallyLoaded:0 Bounds:IsValid=true, Min=(X=-1638400.000 Y=-1638400.000 Z=-1638400.000), Max=(X=1638400.000 Y=1638400.000 Z=1638400.000) RuntimeGrid:None EditorOnly:0 RuntimeOnly:0 HLODRelevant:1 FolderPath:Lighting FolderGuid:08A10B054C95868C663DE39EE4343813
 |   |   |- [+] [ 40]
 |   |   |   |- Guid:96B7D58B49279129BCBB2588E1902BE5 BaseClass: NativeClass:/Script/Engine.StaticMeshActor Name:StaticMeshActor_UAID_00051B6D292F567B01_1083825212 Label:Collectable SpatiallyLoaded:1 Bounds:IsValid=true, Min=(X=1085.000 Y=1205.000 Z=895.000), Max=(X=1215.000 Y=1335.000 Z=1025.000) RuntimeGrid:None EditorOnly:0 RuntimeOnly:0 HLODRelevant:1 FolderPath:Playground/Room1/Collectables FolderGuid:41A3150647291E1C63486F9A729AB7D7
 |   |   |- [+] [ 41]
 |   |   |   |- Guid:AC1E38AC4B3D92BC52F1CF9B5C1C5704 BaseClass: NativeClass:/Script/Engine.SkyLight Name:SkyLight_0 Label:SkyLight SpatiallyLoaded:0 Bounds:IsValid=true, Min=(X=0.000 Y=0.000 Z=690.000), Max=(X=0.000 Y=0.000 Z=690.000) RuntimeGrid:None EditorOnly:0 RuntimeOnly:0 HLODRelevant:0 FolderPath:Lighting FolderGuid:08A10B054C95868C663DE39EE4343813
 |   |   |- [+] [ 42]
 |   |   |   |- Guid:197C6C4947CC74361334A6B3E02F0F5B BaseClass: NativeClass:/Script/Engine.StaticMeshActor Name:StaticMeshActor_UAID_00051B6D292F547B01_2106207849 Label:Platform5 SpatiallyLoaded:1 Bounds:IsValid=true, Min=(X=210.000 Y=880.000 Z=780.000), Max=(X=560.000 Y=1230.000 Z=855.000) RuntimeGrid:None EditorOnly:0 RuntimeOnly:0 HLODRelevant:1 FolderPath:Playground/Room1 FolderGuid:D06ACB124E994F58BA954B8FD2146A4D
 |   |   |- [+] [ 43]
 |   |   |   |- Guid:7533AD1E40AD7E5EAD14B5ABDDB8A07B BaseClass: NativeClass:/Script/Engine.StaticMeshActor Name:StaticMeshActor_UAID_00051B6D292F557B01_1571957031 Label:Platform11 SpatiallyLoaded:1 Bounds:IsValid=true, Min=(X=450.000 Y=1540.000 Z=780.000), Max=(X=800.000 Y=1890.000 Z=855.000) RuntimeGrid:None EditorOnly:0 RuntimeOnly:0 HLODRelevant:1 FolderPath:Playground/Room1 FolderGuid:D06ACB124E994F58BA954B8FD2146A4D
 |   |   |- [+] [ 44]
 |   |   |   |- Guid:B4979E9F43FD55B59B624596A7F3F780 BaseClass: NativeClass:/Script/Engine.StaticMeshActor Name:StaticMeshActor_57 Label:SM_QuarterCylinder6 SpatiallyLoaded:1 Bounds:IsValid=true, Min=(X=1200.000 Y=2200.000 Z=0.000), Max=(X=1300.000 Y=2300.000 Z=200.000) RuntimeGrid:None EditorOnly:0 RuntimeOnly:0 HLODRelevant:1 FolderPath:Block01 FolderGuid:98087B8444A89373CC4763B3845E270A
 |   |   |- [+] [ 45]
 |   |   |   |- Guid:6762B5CE4B92E55420F45C950CDBBE6F BaseClass: NativeClass:/Script/Engine.StaticMeshActor Name:StaticMeshActor_UAID_00051B6D292F567B01_1256937214 Label:Collectable3 SpatiallyLoaded:1 Bounds:IsValid=true, Min=(X=440.000 Y=2450.000 Z=910.000), Max=(X=540.000 Y=2550.000 Z=1010.000) RuntimeGrid:None EditorOnly:0 RuntimeOnly:0 HLODRelevant:1 FolderPath:Playground/Room1/Collectables FolderGuid:41A3150647291E1C63486F9A729AB7D7
 |   |   |- [+] [ 46]
 |   |   |   |- Guid:15C81C6149158B8C9AD093A18BF4A634 BaseClass: NativeClass:/Script/Engine.StaticMeshActor Name:StaticMeshActor_UAID_00051B6D292F547B01_1251980836 Label:SM_Cube5 SpatiallyLoaded:1 Bounds:IsValid=true, Min=(X=80.000 Y=3020.000 Z=780.000), Max=(X=3005.000 Y=3520.000 Z=855.000) RuntimeGrid:None EditorOnly:0 RuntimeOnly:0 HLODRelevant:1 FolderPath:Playground/Room1 FolderGuid:D06ACB124E994F58BA954B8FD2146A4D
 |   |   |- [+] [ 47]
 |   |   |   |- Guid:0CEF7D4E4D78993F1E0B8FBC701537B1 BaseClass: NativeClass:/Script/Engine.StaticMeshActor Name:StaticMeshActor_38 Label:SM_Cube4 SpatiallyLoaded:1 Bounds:IsValid=true, Min=(X=1200.000 Y=1700.000 Z=0.000), Max=(X=1800.000 Y=2200.000 Z=200.000) RuntimeGrid:None EditorOnly:0 RuntimeOnly:0 HLODRelevant:1 FolderPath:Block01 FolderGuid:98087B8444A89373CC4763B3845E270A
 |   |   |- [+] [ 48]
 |   |   |   |- Guid:4BB568B0432A046CE60D79BCEE4F8834 BaseClass: NativeClass:/Script/Engine.StaticMeshActor Name:StaticMeshActor_UAID_00051B6D292F547B01_2109744850 Label:Platform6 SpatiallyLoaded:1 Bounds:IsValid=true, Min=(X=950.000 Y=1060.000 Z=780.000), Max=(X=1300.000 Y=1410.000 Z=855.000) RuntimeGrid:None EditorOnly:0 RuntimeOnly:0 HLODRelevant:1 FolderPath:Playground/Room1 FolderGuid:D06ACB124E994F58BA954B8FD2146A4D
 |   |   |- [+] [ 49]
 |   |   |   |- Guid:CEDF3AB44D00A021F1DFBA82C04E53CF BaseClass: NativeClass:/Script/Engine.StaticMeshActor Name:StaticMeshActor_UAID_00051B6D292F547B01_2015715845 Label:Platform2 SpatiallyLoaded:1 Bounds:IsValid=true, Min=(X=1212.375 Y=1816.978 Z=780.000), Max=(X=2070.000 Y=2649.951 Z=855.000) RuntimeGrid:None EditorOnly:0 RuntimeOnly:0 HLODRelevant:1 FolderPath:Playground/Room1 FolderGuid:D06ACB124E994F58BA954B8FD2146A4D
 |   |   |- [+] [ 50]
 |   |   |   |- Guid:B2E332ED449B3FB023EBBD850E1D4311 BaseClass: NativeClass:/Script/Engine.SpotLight Name:SpotLight_UAID_00051B6D292F557B01_1674909035 Label:SpotLight6 SpatiallyLoaded:1 Bounds:IsValid=true, Min=(X=-105.082 Y=984.918 Z=-640.164), Max=(X=1285.082 Y=2375.082 Z=750.000) RuntimeGrid:None EditorOnly:0 RuntimeOnly:0 HLODRelevant:0
 |   |   |- [+] [ 51]
 |   |   |   |- Guid:06469EF64D3562338895BD81922219E7 BaseClass: NativeClass:/Script/Engine.StaticMeshActor Name:StaticMeshActor_61 Label:SM_QuarterCylinder14 SpatiallyLoaded:1 Bounds:IsValid=true, Min=(X=2200.000 Y=500.000 Z=0.000), Max=(X=2400.000 Y=700.000 Z=100.000) RuntimeGrid:None EditorOnly:0 RuntimeOnly:0 HLODRelevant:1 FolderPath:Cylinder FolderGuid:ECA4956E419DA4E5BAB7F389537BCB14
 |   |   |- [+] [ 52]
 |   |   |   |- Guid:BF0B22D946DBE67C0EDB4597E246A9FF BaseClass: NativeClass:/Script/Engine.WorldDataLayers Name:WorldDataLayers Label:WorldDataLayers-1 SpatiallyLoaded:0 Bounds:IsValid=true, Min=(X=0.000 Y=0.000 Z=0.000), Max=(X=0.000 Y=0.000 Z=0.000) RuntimeGrid:None EditorOnly:0 RuntimeOnly:0 HLODRelevant:0
 |   |   |- [+] [ 53]
 |   |   |   |- Guid:9D83725944BDC2A6AFCF13A6E74B622B BaseClass: NativeClass:/Script/Engine.StaticMeshActor Name:StaticMeshActor_UAID_00051B6D292F547B01_2036359846 Label:Platform3 SpatiallyLoaded:1 Bounds:IsValid=true, Min=(X=70.000 Y=10.000 Z=780.000), Max=(X=420.000 Y=360.000 Z=855.000) RuntimeGrid:None EditorOnly:0 RuntimeOnly:0 HLODRelevant:1 FolderPath:Playground/Room1 FolderGuid:D06ACB124E994F58BA954B8FD2146A4D
 |   |   |- [+] [ 54]
 |   |   |   |- Guid:EAE5E0BD4358B811F7927B891B9303DB BaseClass: NativeClass:/Script/Engine.SpotLight Name:SpotLight_UAID_00051B6D292F557B01_1646006034 Label:SpotLight5 SpatiallyLoaded:1 Bounds:IsValid=true, Min=(X=1024.918 Y=1364.918 Z=-660.164), Max=(X=2415.082 Y=2755.082 Z=730.000) RuntimeGrid:None EditorOnly:0 RuntimeOnly:0 HLODRelevant:0
 |   |   |- [+] [ 55]
 |   |   |   |- Guid:C31BEE5F4556394F022ADBBC24BD0F16 BaseClass: NativeClass:/Script/Engine.StaticMeshActor Name:StaticMeshActor_44 Label:SM_Cube7 SpatiallyLoaded:1 Bounds:IsValid=true, Min=(X=1300.000 Y=2200.000 Z=0.000), Max=(X=1500.000 Y=2300.000 Z=200.000) RuntimeGrid:None EditorOnly:0 RuntimeOnly:0 HLODRelevant:1 FolderPath:Block01 FolderGuid:98087B8444A89373CC4763B3845E270A
 |   |   |- [+] [ 56]
 |   |   |   |- Guid:D48BC30B4C8DC92BDCE23C82CB3DA53F BaseClass: NativeClass:/Script/Engine.StaticMeshActor Name:StaticMeshActor_45 Label:SM_Cube8 SpatiallyLoaded:1 Bounds:IsValid=true, Min=(X=1300.000 Y=2600.000 Z=0.000), Max=(X=2500.000 Y=2900.000 Z=200.000) RuntimeGrid:None EditorOnly:0 RuntimeOnly:0 HLODRelevant:1 FolderPath:Block02 FolderGuid:5DDF0B274F9C8B2C5DABA1999B167516
 |   |   |- [+] [ 57]
 |   |   |   |- Guid:8A93928D4B8964231D92BBB40E764991 BaseClass: NativeClass:/Script/Engine.StaticMeshActor Name:StaticMeshActor_UAID_00051B6D292F567B01_1271775215 Label:Collectable4 SpatiallyLoaded:1 Bounds:IsValid=true, Min=(X=1285.000 Y=1905.000 Z=205.000), Max=(X=1415.000 Y=2035.000 Z=335.000) RuntimeGrid:None EditorOnly:0 RuntimeOnly:0 HLODRelevant:1 FolderPath:Playground/Room1/Collectables FolderGuid:41A3150647291E1C63486F9A729AB7D7
 |   |   |- [+] [ 58]
 |   |   |   |- Guid:52107E1B4F664F569F053CB8754480EF BaseClass: NativeClass:/Script/Engine.StaticMeshActor Name:StaticMeshActor_39 Label:SM_Ramp2 SpatiallyLoaded:1 Bounds:IsValid=true, Min=(X=1400.000 Y=1500.000 Z=0.000), Max=(X=1800.000 Y=1700.000 Z=100.000) RuntimeGrid:None EditorOnly:0 RuntimeOnly:0 HLODRelevant:1 FolderPath:Block01 FolderGuid:98087B8444A89373CC4763B3845E270A
 |   |   |- [+] [ 59]
 |   |   |   |- Guid:7030135C42052F65618CCBB28B017668 BaseClass: NativeClass:/Script/Engine.SkyAtmosphere Name:SkyAtmosphere_1 Label:SkyAtmosphere SpatiallyLoaded:0 Bounds:IsValid=true, Min=(X=0.000 Y=0.000 Z=1020.000), Max=(X=0.000 Y=0.000 Z=1020.000) RuntimeGrid:None EditorOnly:0 RuntimeOnly:0 HLODRelevant:0 FolderPath:Lighting FolderGuid:08A10B054C95868C663DE39EE4343813
 |   |   |- [+] [ 60]
 |   |   |   |- Guid:0A18A69A45BA5095BF2CBDA8D78F0C5C BaseClass: NativeClass:/Script/Engine.TriggerSphere Name:TriggerSphere_UAID_00051B6D292F8F7B01_1358764215 Label:TriggerSphere SpatiallyLoaded:1 Bounds:IsValid=true, Min=(X=131.250 Y=101.250 Z=871.250), Max=(X=308.750 Y=278.750 Z=1048.750) RuntimeGrid:None EditorOnly:0 RuntimeOnly:0 HLODRelevant:0
 |- ContainerInstances:
 |- [+] MainContainer:
 |   |-        ID: 0x0000000000000000
 |   |-    Bounds: IsValid=false, Min=(X=0.000 Y=0.000 Z=0.000), Max=(X=0.000 Y=0.000 Z=0.000)
 |   |- Transform: 0.000000,0.000000,0.000000|0.000000,0.000000,-0.000000|1.000000,1.000000,1.000000
 |   |- Container: /Game/Level/Milestone1
----------------------------------------------------------------------------------------------------------------
Milestone1 - Persistent Level
----------------------------------------------------------------------------------------------------------------
Always loaded Actor Count: 70 

----------------------------------------------------------------------------------------------------------------
Milestone1 - Runtime Spatial Hash - Streaming Grid - MainGrid
----------------------------------------------------------------------------------------------------------------
            Origin: X=0.000 Y=0.000 Z=0.000
         Cell Size: 12800
      World Bounds: IsValid=false, Min=(X=0.000 Y=0.000 Z=0.000), Max=(X=0.000 Y=0.000 Z=0.000)
     Loading Range: 25600.00
Block Slow Loading: No
 ClientOnlyVisible: No

[+] Grid Levels: 1
 |- Level  0: Cell Count    0 | Cell Size   12800 | Actor Count    0 (0.0%)

[+] Content of Grid Level 0

